[21/09/2019 11:53:42 AM] Starting algorithm core for running ...
[21/09/2019 11:54:01 AM] DATA LOADED FOR EACH CLASSIFIER
[21/09/2019 11:54:01 AM] 58.59907790474412,0.0,0.0,98.76197375822694,84.70644410106348,0.0,0.0,72.79989741829276,46.784637131441045,33.28287509947748,10.244880528598001,0.0,0.0,32.25833220084846,71.38028825438866,116.0
[21/09/2019 11:54:01 AM] 91.7694506873713,32.492228925017926,56.709347149474894,129.46336198386473,176.6640630320251,72.70666398468305,116.0,116.0,98.63701482596687,100.43434121133872,6.370532015677512,56.51788547634502,35.97958865488637,72.12094272356136,0.0,116.0
[21/09/2019 11:54:01 AM] 77.41701985754486,0.0,72.72136107929617,122.7389498097479,180.0,153.53488696878327,57.13878445817413,31.43952980403897,0.0,50.92315916945723,63.181385837054464,4.276984361432014,20.38118599195269,87.64724630429203,93.81357130610171,71.69817697336404
[21/09/2019 11:54:01 AM] 147.13029217165985,31.001006363508015,0.0,68.6052993417801,76.79287586433921,1.7904651447670155,0.0,116.0,116.0,65.68735064201557,48.410067638582916,106.11983291358034,13.256986197011965,94.72908154629891,107.25004417182771,102.27439977407839
[21/09/2019 11:54:01 AM] 34.88756618150752,148.14637812864675,23.126454990744477,48.23919606918851,171.11340788754242,66.78165646890757,116.0,42.34809992822791,0.0,62.06488629896626,53.23638751158205,19.535115891452925,94.91750470348433,84.36727666079287,116.0,55.652235498647926
[21/09/2019 11:54:01 AM] 157.46062902331255,122.02790088194723,0.0,81.03632830048267,180.0,20.46628105692514,97.20747957001458,37.257530047655486,0.0,116.0,81.41173590658644,27.02925891944772,101.69516546305942,116.0,90.05775120415854,116.0
[21/09/2019 11:54:01 AM] 115.9666209119972,137.51857583019336,39.360902051348475,84.15550622844887,168.20366833978056,43.470651167998454,1.4547327903238632,31.662241926376566,80.615352656293,107.07779829966756,0.0,0.04160892969155228,0.0,78.14667657720237,0.0,97.71299405847118
[21/09/2019 11:54:01 AM] 2.6558978707138294,0.0,34.728651895547216,152.96829600559957,116.34662869154232,180.0,0.0,0.0,58.05826045102796,0.0,43.37155405072377,40.1403550571717,20.147298020507478,0.0,75.74979325363617,116.0
[21/09/2019 11:54:01 AM] 12.549352164353508,0.0,0.0,165.26733894085896,139.8399366493401,180.0,1.5212562210802076,17.76284629609531,37.58008929230935,0.0,55.75565613798504,0.0,0.7488037580822322,0.0,116.0,63.202639151866954
[21/09/2019 11:54:01 AM] 0.0,32.18984046120315,47.541910795009656,10.17767874290918,131.04218312347683,72.42973696198126,50.434086723548546,11.79173713269244,0.0,116.0,87.49686326708988,114.28199149359493,0.0,0.0,103.5354852260958,116.0
[21/09/2019 11:54:01 AM] 55.99129700646276,55.60646048428082,66.51059947581362,121.0891255557444,180.0,121.22024934428178,0.0,116.0,9.881363656936003,109.23796696640811,45.76830862683911,42.80350522725091,83.87546687171819,76.2879127021812,89.38856546804351,116.0
[21/09/2019 11:54:01 AM] 56.92095875455115,0.0,8.72739126420808,180.0,121.56964199077174,180.0,45.805678608541626,0.0,0.0,0.0,12.774920705221703,0.0,108.24645867742007,36.85845287113092,101.16646246469631,98.71577535035006
[21/09/2019 11:54:01 AM] 99.84155531434214,0.0,0.0,107.54341306531231,40.299590957271334,122.23517944235104,70.32934259368778,0.0,116.0,76.54468010445804,116.0,86.86409568793823,106.37296906640391,116.0,63.70316945459369,70.11138425393196
[21/09/2019 11:54:01 AM] 5.9043632904302115,0.0,123.33477540590063,138.27403449179252,180.0,120.82357779767204,116.0,35.224150265354794,116.0,116.0,0.0,0.0,0.0,5.353315063616009,0.0,52.36216084020141
[21/09/2019 11:54:01 AM] 0.0,37.3928869565118,1.5334850093170402,95.15123945415357,128.9098981364363,77.58860339986417,76.38442135161806,12.485392153223714,6.086204068335263,25.56681216771058,23.218685932305604,48.81587960184474,88.67725456715857,116.0,0.0,116.0
[21/09/2019 11:54:01 AM] 0.0,0.0,0.0,28.28803917205459,121.24844074437395,180.0,70.46336688827178,0.0,0.0,0.0,76.51859134375603,55.3549900022157,12.90952088310543,0.0,30.04903736383396,116.0
[21/09/2019 11:54:01 AM] 12.637815074770359,0.0,46.45713204191465,180.0,180.0,41.89302447547108,0.0,4.812853542893441,93.40348470428393,116.0,27.461249639831607,31.314835950567556,87.244471008548,0.0,116.0,116.0
[21/09/2019 11:54:01 AM] 54.49067674437035,0.0,83.47559895792088,157.15251956652185,180.0,180.0,48.21133514883135,0.0,68.997041022377,22.2641103204365,0.0,7.845758517757787,0.0,71.64772194800167,36.004382187264966,80.39800225710056
[21/09/2019 11:54:01 AM] 78.0984952703932,37.36309650177735,0.0,115.5270252975685,180.0,142.79814562579466,116.0,30.96771278425031,0.0,0.0,18.368879140562967,0.0,39.33608180090852,70.44091585635792,0.5509891391898165,116.0
[21/09/2019 11:54:01 AM] 55.89048194296524,0.0,83.74034603568741,131.87931055925984,80.99274100676769,81.17508385641028,4.644065972717385,24.283414862909694,116.0,0.0,76.13659579174191,116.0,16.533063505459623,80.93364161588804,24.453491166733414,116.0
[21/09/2019 11:56:30 AM] Running process is over
[21/09/2019 11:56:30 AM] THE FINAL VALUES ARE: 
0.9152422907488986
0.5661727133367399
0.618054338299737
0.8328912466843502

[21/09/2019 11:59:10 AM] Starting algorithm core for optimising ...
[21/09/2019 11:59:18 AM] DATA LOADED FOR EACH CLASSIFIER

[21/09/2019 11:59:18 AM] 58.59907790474412,0.0,0.0,98.76197375822694,84.70644410106348,0.0,0.0,72.79989741829276,46.784637131441045,33.28287509947748,10.244880528598001,0.0,0.0,32.25833220084846,71.38028825438866,116.0
[21/09/2019 11:59:18 AM] 91.7694506873713,32.492228925017926,56.709347149474894,129.46336198386473,176.6640630320251,72.70666398468305,116.0,116.0,98.63701482596687,100.43434121133872,6.370532015677512,56.51788547634502,35.97958865488637,72.12094272356136,0.0,116.0
[21/09/2019 11:59:18 AM] 77.41701985754486,0.0,72.72136107929617,122.7389498097479,180.0,153.53488696878327,57.13878445817413,31.43952980403897,0.0,50.92315916945723,63.181385837054464,4.276984361432014,20.38118599195269,87.64724630429203,93.81357130610171,71.69817697336404
[21/09/2019 11:59:18 AM] 147.13029217165985,31.001006363508015,0.0,68.6052993417801,76.79287586433921,1.7904651447670155,0.0,116.0,116.0,65.68735064201557,48.410067638582916,106.11983291358034,13.256986197011965,94.72908154629891,107.25004417182771,102.27439977407839
[21/09/2019 11:59:18 AM] 34.88756618150752,148.14637812864675,23.126454990744477,48.23919606918851,171.11340788754242,66.78165646890757,116.0,42.34809992822791,0.0,62.06488629896626,53.23638751158205,19.535115891452925,94.91750470348433,84.36727666079287,116.0,55.652235498647926
[21/09/2019 11:59:18 AM] 157.46062902331255,122.02790088194723,0.0,81.03632830048267,180.0,20.46628105692514,97.20747957001458,37.257530047655486,0.0,116.0,81.41173590658644,27.02925891944772,101.69516546305942,116.0,90.05775120415854,116.0
[21/09/2019 11:59:18 AM] 115.9666209119972,137.51857583019336,39.360902051348475,84.15550622844887,168.20366833978056,43.470651167998454,1.4547327903238632,31.662241926376566,80.615352656293,107.07779829966756,0.0,0.04160892969155228,0.0,78.14667657720237,0.0,97.71299405847118
[21/09/2019 11:59:18 AM] 2.6558978707138294,0.0,34.728651895547216,152.96829600559957,116.34662869154232,180.0,0.0,0.0,58.05826045102796,0.0,43.37155405072377,40.1403550571717,20.147298020507478,0.0,75.74979325363617,116.0
[21/09/2019 11:59:18 AM] 12.549352164353508,0.0,0.0,165.26733894085896,139.8399366493401,180.0,1.5212562210802076,17.76284629609531,37.58008929230935,0.0,55.75565613798504,0.0,0.7488037580822322,0.0,116.0,63.202639151866954
[21/09/2019 11:59:18 AM] 0.0,32.18984046120315,47.541910795009656,10.17767874290918,131.04218312347683,72.42973696198126,50.434086723548546,11.79173713269244,0.0,116.0,87.49686326708988,114.28199149359493,0.0,0.0,103.5354852260958,116.0
[21/09/2019 11:59:18 AM] 55.99129700646276,55.60646048428082,66.51059947581362,121.0891255557444,180.0,121.22024934428178,0.0,116.0,9.881363656936003,109.23796696640811,45.76830862683911,42.80350522725091,83.87546687171819,76.2879127021812,89.38856546804351,116.0
[21/09/2019 11:59:18 AM] 56.92095875455115,0.0,8.72739126420808,180.0,121.56964199077174,180.0,45.805678608541626,0.0,0.0,0.0,12.774920705221703,0.0,108.24645867742007,36.85845287113092,101.16646246469631,98.71577535035006
[21/09/2019 11:59:18 AM] 99.84155531434214,0.0,0.0,107.54341306531231,40.299590957271334,122.23517944235104,70.32934259368778,0.0,116.0,76.54468010445804,116.0,86.86409568793823,106.37296906640391,116.0,63.70316945459369,70.11138425393196
[21/09/2019 11:59:18 AM] 5.9043632904302115,0.0,123.33477540590063,138.27403449179252,180.0,120.82357779767204,116.0,35.224150265354794,116.0,116.0,0.0,0.0,0.0,5.353315063616009,0.0,52.36216084020141
[21/09/2019 11:59:18 AM] 0.0,37.3928869565118,1.5334850093170402,95.15123945415357,128.9098981364363,77.58860339986417,76.38442135161806,12.485392153223714,6.086204068335263,25.56681216771058,23.218685932305604,48.81587960184474,88.67725456715857,116.0,0.0,116.0
[21/09/2019 11:59:18 AM] 0.0,0.0,0.0,28.28803917205459,121.24844074437395,180.0,70.46336688827178,0.0,0.0,0.0,76.51859134375603,55.3549900022157,12.90952088310543,0.0,30.04903736383396,116.0
[21/09/2019 11:59:18 AM] 12.637815074770359,0.0,46.45713204191465,180.0,180.0,41.89302447547108,0.0,4.812853542893441,93.40348470428393,116.0,27.461249639831607,31.314835950567556,87.244471008548,0.0,116.0,116.0
[21/09/2019 11:59:18 AM] 54.49067674437035,0.0,83.47559895792088,157.15251956652185,180.0,180.0,48.21133514883135,0.0,68.997041022377,22.2641103204365,0.0,7.845758517757787,0.0,71.64772194800167,36.004382187264966,80.39800225710056
[21/09/2019 11:59:18 AM] 78.0984952703932,37.36309650177735,0.0,115.5270252975685,180.0,142.79814562579466,116.0,30.96771278425031,0.0,0.0,18.368879140562967,0.0,39.33608180090852,70.44091585635792,0.5509891391898165,116.0
[21/09/2019 11:59:18 AM] 55.89048194296524,0.0,83.74034603568741,131.87931055925984,80.99274100676769,81.17508385641028,4.644065972717385,24.283414862909694,116.0,0.0,76.13659579174191,116.0,16.533063505459623,80.93364161588804,24.453491166733414,116.0
[21/09/2019 12:03:33 PM] Starting algorithm core for running ...
[21/09/2019 12:06:29 PM] Starting algorithm core for running ...
[21/09/2019 12:06:49 PM] Starting algorithm core for running ...
[21/09/2019 12:07:09 PM] DATA LOADED FOR EACH CLASSIFIER
[21/09/2019 12:07:09 PM] 58.59907790474412,0.0,0.0,98.76197375822694,84.70644410106348,0.0,0.0,72.79989741829276,46.784637131441045,33.28287509947748,10.244880528598001,0.0,0.0,32.25833220084846,71.38028825438866,116.0
[21/09/2019 12:07:09 PM] 91.7694506873713,32.492228925017926,56.709347149474894,129.46336198386473,176.6640630320251,72.70666398468305,116.0,116.0,98.63701482596687,100.43434121133872,6.370532015677512,56.51788547634502,35.97958865488637,72.12094272356136,0.0,116.0
[21/09/2019 12:07:09 PM] 77.41701985754486,0.0,72.72136107929617,122.7389498097479,180.0,153.53488696878327,57.13878445817413,31.43952980403897,0.0,50.92315916945723,63.181385837054464,4.276984361432014,20.38118599195269,87.64724630429203,93.81357130610171,71.69817697336404
[21/09/2019 12:07:09 PM] 147.13029217165985,31.001006363508015,0.0,68.6052993417801,76.79287586433921,1.7904651447670155,0.0,116.0,116.0,65.68735064201557,48.410067638582916,106.11983291358034,13.256986197011965,94.72908154629891,107.25004417182771,102.27439977407839
[21/09/2019 12:07:09 PM] 34.88756618150752,148.14637812864675,23.126454990744477,48.23919606918851,171.11340788754242,66.78165646890757,116.0,42.34809992822791,0.0,62.06488629896626,53.23638751158205,19.535115891452925,94.91750470348433,84.36727666079287,116.0,55.652235498647926
[21/09/2019 12:07:09 PM] 157.46062902331255,122.02790088194723,0.0,81.03632830048267,180.0,20.46628105692514,97.20747957001458,37.257530047655486,0.0,116.0,81.41173590658644,27.02925891944772,101.69516546305942,116.0,90.05775120415854,116.0
[21/09/2019 12:07:09 PM] 115.9666209119972,137.51857583019336,39.360902051348475,84.15550622844887,168.20366833978056,43.470651167998454,1.4547327903238632,31.662241926376566,80.615352656293,107.07779829966756,0.0,0.04160892969155228,0.0,78.14667657720237,0.0,97.71299405847118
[21/09/2019 12:07:09 PM] 2.6558978707138294,0.0,34.728651895547216,152.96829600559957,116.34662869154232,180.0,0.0,0.0,58.05826045102796,0.0,43.37155405072377,40.1403550571717,20.147298020507478,0.0,75.74979325363617,116.0
[21/09/2019 12:07:09 PM] 12.549352164353508,0.0,0.0,165.26733894085896,139.8399366493401,180.0,1.5212562210802076,17.76284629609531,37.58008929230935,0.0,55.75565613798504,0.0,0.7488037580822322,0.0,116.0,63.202639151866954
[21/09/2019 12:07:09 PM] 0.0,32.18984046120315,47.541910795009656,10.17767874290918,131.04218312347683,72.42973696198126,50.434086723548546,11.79173713269244,0.0,116.0,87.49686326708988,114.28199149359493,0.0,0.0,103.5354852260958,116.0
[21/09/2019 12:07:09 PM] 55.99129700646276,55.60646048428082,66.51059947581362,121.0891255557444,180.0,121.22024934428178,0.0,116.0,9.881363656936003,109.23796696640811,45.76830862683911,42.80350522725091,83.87546687171819,76.2879127021812,89.38856546804351,116.0
[21/09/2019 12:07:09 PM] 56.92095875455115,0.0,8.72739126420808,180.0,121.56964199077174,180.0,45.805678608541626,0.0,0.0,0.0,12.774920705221703,0.0,108.24645867742007,36.85845287113092,101.16646246469631,98.71577535035006
[21/09/2019 12:07:09 PM] 99.84155531434214,0.0,0.0,107.54341306531231,40.299590957271334,122.23517944235104,70.32934259368778,0.0,116.0,76.54468010445804,116.0,86.86409568793823,106.37296906640391,116.0,63.70316945459369,70.11138425393196
[21/09/2019 12:07:09 PM] 5.9043632904302115,0.0,123.33477540590063,138.27403449179252,180.0,120.82357779767204,116.0,35.224150265354794,116.0,116.0,0.0,0.0,0.0,5.353315063616009,0.0,52.36216084020141
[21/09/2019 12:07:09 PM] 0.0,37.3928869565118,1.5334850093170402,95.15123945415357,128.9098981364363,77.58860339986417,76.38442135161806,12.485392153223714,6.086204068335263,25.56681216771058,23.218685932305604,48.81587960184474,88.67725456715857,116.0,0.0,116.0
[21/09/2019 12:07:09 PM] 0.0,0.0,0.0,28.28803917205459,121.24844074437395,180.0,70.46336688827178,0.0,0.0,0.0,76.51859134375603,55.3549900022157,12.90952088310543,0.0,30.04903736383396,116.0
[21/09/2019 12:07:09 PM] 12.637815074770359,0.0,46.45713204191465,180.0,180.0,41.89302447547108,0.0,4.812853542893441,93.40348470428393,116.0,27.461249639831607,31.314835950567556,87.244471008548,0.0,116.0,116.0
[21/09/2019 12:07:09 PM] 54.49067674437035,0.0,83.47559895792088,157.15251956652185,180.0,180.0,48.21133514883135,0.0,68.997041022377,22.2641103204365,0.0,7.845758517757787,0.0,71.64772194800167,36.004382187264966,80.39800225710056
[21/09/2019 12:07:09 PM] 78.0984952703932,37.36309650177735,0.0,115.5270252975685,180.0,142.79814562579466,116.0,30.96771278425031,0.0,0.0,18.368879140562967,0.0,39.33608180090852,70.44091585635792,0.5509891391898165,116.0
[21/09/2019 12:07:09 PM] 55.89048194296524,0.0,83.74034603568741,131.87931055925984,80.99274100676769,81.17508385641028,4.644065972717385,24.283414862909694,116.0,0.0,76.13659579174191,116.0,16.533063505459623,80.93364161588804,24.453491166733414,116.0
[21/09/2019 12:12:22 PM] Starting algorithm core for optimising ...
[21/09/2019 12:12:42 PM] DATA LOADED FOR EACH CLASSIFIER
[21/09/2019 12:12:42 PM] 58.59907790474412,0.0,0.0,98.76197375822694,84.70644410106348,0.0,0.0,72.79989741829276,46.784637131441045,33.28287509947748,10.244880528598001,0.0,0.0,32.25833220084846,71.38028825438866,116.0
[21/09/2019 12:12:42 PM] 91.7694506873713,32.492228925017926,56.709347149474894,129.46336198386473,176.6640630320251,72.70666398468305,116.0,116.0,98.63701482596687,100.43434121133872,6.370532015677512,56.51788547634502,35.97958865488637,72.12094272356136,0.0,116.0
[21/09/2019 12:12:42 PM] 77.41701985754486,0.0,72.72136107929617,122.7389498097479,180.0,153.53488696878327,57.13878445817413,31.43952980403897,0.0,50.92315916945723,63.181385837054464,4.276984361432014,20.38118599195269,87.64724630429203,93.81357130610171,71.69817697336404
[21/09/2019 12:12:42 PM] 147.13029217165985,31.001006363508015,0.0,68.6052993417801,76.79287586433921,1.7904651447670155,0.0,116.0,116.0,65.68735064201557,48.410067638582916,106.11983291358034,13.256986197011965,94.72908154629891,107.25004417182771,102.27439977407839
[21/09/2019 12:12:42 PM] 34.88756618150752,148.14637812864675,23.126454990744477,48.23919606918851,171.11340788754242,66.78165646890757,116.0,42.34809992822791,0.0,62.06488629896626,53.23638751158205,19.535115891452925,94.91750470348433,84.36727666079287,116.0,55.652235498647926
[21/09/2019 12:12:42 PM] 157.46062902331255,122.02790088194723,0.0,81.03632830048267,180.0,20.46628105692514,97.20747957001458,37.257530047655486,0.0,116.0,81.41173590658644,27.02925891944772,101.69516546305942,116.0,90.05775120415854,116.0
[21/09/2019 12:12:42 PM] 115.9666209119972,137.51857583019336,39.360902051348475,84.15550622844887,168.20366833978056,43.470651167998454,1.4547327903238632,31.662241926376566,80.615352656293,107.07779829966756,0.0,0.04160892969155228,0.0,78.14667657720237,0.0,97.71299405847118
[21/09/2019 12:12:42 PM] 2.6558978707138294,0.0,34.728651895547216,152.96829600559957,116.34662869154232,180.0,0.0,0.0,58.05826045102796,0.0,43.37155405072377,40.1403550571717,20.147298020507478,0.0,75.74979325363617,116.0
[21/09/2019 12:12:42 PM] 12.549352164353508,0.0,0.0,165.26733894085896,139.8399366493401,180.0,1.5212562210802076,17.76284629609531,37.58008929230935,0.0,55.75565613798504,0.0,0.7488037580822322,0.0,116.0,63.202639151866954
[21/09/2019 12:12:42 PM] 0.0,32.18984046120315,47.541910795009656,10.17767874290918,131.04218312347683,72.42973696198126,50.434086723548546,11.79173713269244,0.0,116.0,87.49686326708988,114.28199149359493,0.0,0.0,103.5354852260958,116.0
[21/09/2019 12:12:42 PM] 55.99129700646276,55.60646048428082,66.51059947581362,121.0891255557444,180.0,121.22024934428178,0.0,116.0,9.881363656936003,109.23796696640811,45.76830862683911,42.80350522725091,83.87546687171819,76.2879127021812,89.38856546804351,116.0
[21/09/2019 12:12:42 PM] 56.92095875455115,0.0,8.72739126420808,180.0,121.56964199077174,180.0,45.805678608541626,0.0,0.0,0.0,12.774920705221703,0.0,108.24645867742007,36.85845287113092,101.16646246469631,98.71577535035006
[21/09/2019 12:12:42 PM] 99.84155531434214,0.0,0.0,107.54341306531231,40.299590957271334,122.23517944235104,70.32934259368778,0.0,116.0,76.54468010445804,116.0,86.86409568793823,106.37296906640391,116.0,63.70316945459369,70.11138425393196
[21/09/2019 12:12:42 PM] 5.9043632904302115,0.0,123.33477540590063,138.27403449179252,180.0,120.82357779767204,116.0,35.224150265354794,116.0,116.0,0.0,0.0,0.0,5.353315063616009,0.0,52.36216084020141
[21/09/2019 12:12:42 PM] 0.0,37.3928869565118,1.5334850093170402,95.15123945415357,128.9098981364363,77.58860339986417,76.38442135161806,12.485392153223714,6.086204068335263,25.56681216771058,23.218685932305604,48.81587960184474,88.67725456715857,116.0,0.0,116.0
[21/09/2019 12:12:42 PM] 0.0,0.0,0.0,28.28803917205459,121.24844074437395,180.0,70.46336688827178,0.0,0.0,0.0,76.51859134375603,55.3549900022157,12.90952088310543,0.0,30.04903736383396,116.0
[21/09/2019 12:12:42 PM] 12.637815074770359,0.0,46.45713204191465,180.0,180.0,41.89302447547108,0.0,4.812853542893441,93.40348470428393,116.0,27.461249639831607,31.314835950567556,87.244471008548,0.0,116.0,116.0
[21/09/2019 12:12:42 PM] 54.49067674437035,0.0,83.47559895792088,157.15251956652185,180.0,180.0,48.21133514883135,0.0,68.997041022377,22.2641103204365,0.0,7.845758517757787,0.0,71.64772194800167,36.004382187264966,80.39800225710056
[21/09/2019 12:12:42 PM] 78.0984952703932,37.36309650177735,0.0,115.5270252975685,180.0,142.79814562579466,116.0,30.96771278425031,0.0,0.0,18.368879140562967,0.0,39.33608180090852,70.44091585635792,0.5509891391898165,116.0
[21/09/2019 12:12:42 PM] 55.89048194296524,0.0,83.74034603568741,131.87931055925984,80.99274100676769,81.17508385641028,4.644065972717385,24.283414862909694,116.0,0.0,76.13659579174191,116.0,16.533063505459623,80.93364161588804,24.453491166733414,116.0
[21/09/2019 12:12:57 PM] Loop core typed: 1
[21/09/2019 12:12:57 PM] Radio value typed: 12.0
[21/09/2019 12:12:57 PM] Optimising ...
[21/09/2019 12:14:37 PM] Score 0.909962706446457 has been improved to 0.9101243339253996
[21/09/2019 12:37:06 PM] Starting algorithm core for running ...
[21/09/2019 12:37:28 PM] DATA LOADED FOR EACH CLASSIFIER
[21/09/2019 12:37:28 PM] 58.59907790474412,0.0,0.0,98.76197375822694,84.70644410106348,0.0,0.0,72.79989741829276,46.784637131441045,33.28287509947748,10.244880528598001,0.0,0.0,32.25833220084846,71.38028825438866,116.0
[21/09/2019 12:37:28 PM] 91.7694506873713,32.492228925017926,56.709347149474894,129.46336198386473,176.6640630320251,72.70666398468305,116.0,116.0,98.63701482596687,100.43434121133872,6.370532015677512,56.51788547634502,35.97958865488637,72.12094272356136,0.0,116.0
[21/09/2019 12:37:28 PM] 77.41701985754486,0.0,72.72136107929617,122.7389498097479,180.0,153.53488696878327,57.13878445817413,31.43952980403897,0.0,50.92315916945723,63.181385837054464,4.276984361432014,20.38118599195269,87.64724630429203,93.81357130610171,71.69817697336404
[21/09/2019 12:37:28 PM] 147.13029217165985,31.001006363508015,0.0,68.6052993417801,76.79287586433921,1.7904651447670155,0.0,116.0,116.0,65.68735064201557,48.410067638582916,106.11983291358034,13.256986197011965,94.72908154629891,107.25004417182771,102.27439977407839
[21/09/2019 12:37:28 PM] 34.88756618150752,148.14637812864675,23.126454990744477,48.23919606918851,171.11340788754242,66.78165646890757,116.0,42.34809992822791,0.0,62.06488629896626,53.23638751158205,19.535115891452925,94.91750470348433,84.36727666079287,116.0,55.652235498647926
[21/09/2019 12:37:28 PM] 157.46062902331255,122.02790088194723,0.0,81.03632830048267,180.0,20.46628105692514,97.20747957001458,37.257530047655486,0.0,116.0,81.41173590658644,27.02925891944772,101.69516546305942,116.0,90.05775120415854,116.0
[21/09/2019 12:37:28 PM] 115.9666209119972,137.51857583019336,39.360902051348475,84.15550622844887,168.20366833978056,43.470651167998454,1.4547327903238632,31.662241926376566,80.615352656293,107.07779829966756,0.0,0.04160892969155228,0.0,78.14667657720237,0.0,97.71299405847118
[21/09/2019 12:37:28 PM] 2.6558978707138294,0.0,34.728651895547216,152.96829600559957,116.34662869154232,180.0,0.0,0.0,58.05826045102796,0.0,43.37155405072377,40.1403550571717,20.147298020507478,0.0,75.74979325363617,116.0
[21/09/2019 12:37:28 PM] 12.549352164353508,0.0,0.0,165.26733894085896,139.8399366493401,180.0,1.5212562210802076,17.76284629609531,37.58008929230935,0.0,55.75565613798504,0.0,0.7488037580822322,0.0,116.0,63.202639151866954
[21/09/2019 12:37:28 PM] 0.0,32.18984046120315,47.541910795009656,10.17767874290918,131.04218312347683,72.42973696198126,50.434086723548546,11.79173713269244,0.0,116.0,87.49686326708988,114.28199149359493,0.0,0.0,103.5354852260958,116.0
[21/09/2019 12:37:28 PM] 55.99129700646276,55.60646048428082,66.51059947581362,121.0891255557444,180.0,121.22024934428178,0.0,116.0,9.881363656936003,109.23796696640811,45.76830862683911,42.80350522725091,83.87546687171819,76.2879127021812,89.38856546804351,116.0
[21/09/2019 12:37:28 PM] 56.92095875455115,0.0,8.72739126420808,180.0,121.56964199077174,180.0,45.805678608541626,0.0,0.0,0.0,12.774920705221703,0.0,108.24645867742007,36.85845287113092,101.16646246469631,98.71577535035006
[21/09/2019 12:37:28 PM] 99.84155531434214,0.0,0.0,107.54341306531231,40.299590957271334,122.23517944235104,70.32934259368778,0.0,116.0,76.54468010445804,116.0,86.86409568793823,106.37296906640391,116.0,63.70316945459369,70.11138425393196
[21/09/2019 12:37:28 PM] 5.9043632904302115,0.0,123.33477540590063,138.27403449179252,180.0,120.82357779767204,116.0,35.224150265354794,116.0,116.0,0.0,0.0,0.0,5.353315063616009,0.0,52.36216084020141
[21/09/2019 12:37:28 PM] 0.0,37.3928869565118,1.5334850093170402,95.15123945415357,128.9098981364363,77.58860339986417,76.38442135161806,12.485392153223714,6.086204068335263,25.56681216771058,23.218685932305604,48.81587960184474,88.67725456715857,116.0,0.0,116.0
[21/09/2019 12:37:28 PM] 0.0,0.0,0.0,28.28803917205459,121.24844074437395,180.0,70.46336688827178,0.0,0.0,0.0,76.51859134375603,55.3549900022157,12.90952088310543,0.0,30.04903736383396,116.0
[21/09/2019 12:37:28 PM] 12.637815074770359,0.0,46.45713204191465,180.0,180.0,41.89302447547108,0.0,4.812853542893441,93.40348470428393,116.0,27.461249639831607,31.314835950567556,87.244471008548,0.0,116.0,116.0
[21/09/2019 12:37:28 PM] 54.49067674437035,0.0,83.47559895792088,157.15251956652185,180.0,180.0,48.21133514883135,0.0,68.997041022377,22.2641103204365,0.0,7.845758517757787,0.0,71.64772194800167,36.004382187264966,80.39800225710056
[21/09/2019 12:37:28 PM] 78.0984952703932,37.36309650177735,0.0,115.5270252975685,180.0,142.79814562579466,116.0,30.96771278425031,0.0,0.0,18.368879140562967,0.0,39.33608180090852,70.44091585635792,0.5509891391898165,116.0
[21/09/2019 12:37:28 PM] 55.89048194296524,0.0,83.74034603568741,131.87931055925984,80.99274100676769,81.17508385641028,4.644065972717385,24.283414862909694,116.0,0.0,76.13659579174191,116.0,16.533063505459623,80.93364161588804,24.453491166733414,116.0
[21/09/2019 12:37:28 PM] running, please wait a moment ...
[21/09/2019 12:40:07 PM] Running process is over
[21/09/2019 12:40:07 PM] THE FINAL VALUES ARE: 
0.9152422907488986
0.5661727133367399
0.6182965299684542
0.8328912466843502

[21/09/2019 10:16:25 PM] Starting algorithm core for optimising ...
[21/09/2019 10:16:42 PM] DATA LOADED FOR EACH CLASSIFIER
[21/09/2019 10:16:42 PM] 58.59907790474412,0.0,0.0,98.76197375822694,84.70644410106348,0.0,0.0,72.79989741829276,46.784637131441045,33.28287509947748,10.244880528598001,0.0,0.0,32.25833220084846,71.38028825438866,116.0
[21/09/2019 10:16:42 PM] 91.7694506873713,32.492228925017926,56.709347149474894,129.46336198386473,176.6640630320251,72.70666398468305,116.0,116.0,98.63701482596687,100.43434121133872,6.370532015677512,56.51788547634502,35.97958865488637,72.12094272356136,0.0,116.0
[21/09/2019 10:16:42 PM] 77.41701985754486,0.0,72.72136107929617,122.7389498097479,180.0,153.53488696878327,57.13878445817413,31.43952980403897,0.0,50.92315916945723,63.181385837054464,4.276984361432014,20.38118599195269,87.64724630429203,93.81357130610171,71.69817697336404
[21/09/2019 10:16:42 PM] 147.13029217165985,31.001006363508015,0.0,68.6052993417801,76.79287586433921,1.7904651447670155,0.0,116.0,116.0,65.68735064201557,48.410067638582916,106.11983291358034,13.256986197011965,94.72908154629891,107.25004417182771,102.27439977407839
[21/09/2019 10:16:42 PM] 34.88756618150752,148.14637812864675,23.126454990744477,48.23919606918851,171.11340788754242,66.78165646890757,116.0,42.34809992822791,0.0,62.06488629896626,53.23638751158205,19.535115891452925,94.91750470348433,84.36727666079287,116.0,55.652235498647926
[21/09/2019 10:16:42 PM] 157.46062902331255,122.02790088194723,0.0,81.03632830048267,180.0,20.46628105692514,97.20747957001458,37.257530047655486,0.0,116.0,81.41173590658644,27.02925891944772,101.69516546305942,116.0,90.05775120415854,116.0
[21/09/2019 10:16:42 PM] 115.9666209119972,137.51857583019336,39.360902051348475,84.15550622844887,168.20366833978056,43.470651167998454,1.4547327903238632,31.662241926376566,80.615352656293,107.07779829966756,0.0,0.04160892969155228,0.0,78.14667657720237,0.0,97.71299405847118
[21/09/2019 10:16:42 PM] 2.6558978707138294,0.0,34.728651895547216,152.96829600559957,116.34662869154232,180.0,0.0,0.0,58.05826045102796,0.0,43.37155405072377,40.1403550571717,20.147298020507478,0.0,75.74979325363617,116.0
[21/09/2019 10:16:42 PM] 12.549352164353508,0.0,0.0,165.26733894085896,139.8399366493401,180.0,1.5212562210802076,17.76284629609531,37.58008929230935,0.0,55.75565613798504,0.0,0.7488037580822322,0.0,116.0,63.202639151866954
[21/09/2019 10:16:42 PM] 0.0,32.18984046120315,47.541910795009656,10.17767874290918,131.04218312347683,72.42973696198126,50.434086723548546,11.79173713269244,0.0,116.0,87.49686326708988,114.28199149359493,0.0,0.0,103.5354852260958,116.0
[21/09/2019 10:16:42 PM] 55.99129700646276,55.60646048428082,66.51059947581362,121.0891255557444,180.0,121.22024934428178,0.0,116.0,9.881363656936003,109.23796696640811,45.76830862683911,42.80350522725091,83.87546687171819,76.2879127021812,89.38856546804351,116.0
[21/09/2019 10:16:42 PM] 56.92095875455115,0.0,8.72739126420808,180.0,121.56964199077174,180.0,45.805678608541626,0.0,0.0,0.0,12.774920705221703,0.0,108.24645867742007,36.85845287113092,101.16646246469631,98.71577535035006
[21/09/2019 10:16:42 PM] 99.84155531434214,0.0,0.0,107.54341306531231,40.299590957271334,122.23517944235104,70.32934259368778,0.0,116.0,76.54468010445804,116.0,86.86409568793823,106.37296906640391,116.0,63.70316945459369,70.11138425393196
[21/09/2019 10:16:42 PM] 5.9043632904302115,0.0,123.33477540590063,138.27403449179252,180.0,120.82357779767204,116.0,35.224150265354794,116.0,116.0,0.0,0.0,0.0,5.353315063616009,0.0,52.36216084020141
[21/09/2019 10:16:42 PM] 0.0,37.3928869565118,1.5334850093170402,95.15123945415357,128.9098981364363,77.58860339986417,76.38442135161806,12.485392153223714,6.086204068335263,25.56681216771058,23.218685932305604,48.81587960184474,88.67725456715857,116.0,0.0,116.0
[21/09/2019 10:16:42 PM] 0.0,0.0,0.0,28.28803917205459,121.24844074437395,180.0,70.46336688827178,0.0,0.0,0.0,76.51859134375603,55.3549900022157,12.90952088310543,0.0,30.04903736383396,116.0
[21/09/2019 10:16:42 PM] 12.637815074770359,0.0,46.45713204191465,180.0,180.0,41.89302447547108,0.0,4.812853542893441,93.40348470428393,116.0,27.461249639831607,31.314835950567556,87.244471008548,0.0,116.0,116.0
[21/09/2019 10:16:42 PM] 54.49067674437035,0.0,83.47559895792088,157.15251956652185,180.0,180.0,48.21133514883135,0.0,68.997041022377,22.2641103204365,0.0,7.845758517757787,0.0,71.64772194800167,36.004382187264966,80.39800225710056
[21/09/2019 10:16:42 PM] 78.0984952703932,37.36309650177735,0.0,115.5270252975685,180.0,142.79814562579466,116.0,30.96771278425031,0.0,0.0,18.368879140562967,0.0,39.33608180090852,70.44091585635792,0.5509891391898165,116.0
[21/09/2019 10:16:42 PM] 55.89048194296524,0.0,83.74034603568741,131.87931055925984,80.99274100676769,81.17508385641028,4.644065972717385,24.283414862909694,116.0,0.0,76.13659579174191,116.0,16.533063505459623,80.93364161588804,24.453491166733414,116.0
[21/09/2019 10:17:33 PM] Loop core typed: 10
[21/09/2019 10:17:33 PM] Radio value typed: 9.0
[21/09/2019 10:17:33 PM] Optimising ...
[21/09/2019 11:23:03 PM] Optimization process is done
[22/09/2019 12:51:00 PM] Starting algorithm core for optimising ...
[22/09/2019 12:51:20 PM] DATA LOADED FOR EACH CLASSIFIER
[22/09/2019 12:51:20 PM] 58.59907790474412,0.0,0.0,98.76197375822694,84.70644410106348,0.0,0.0,72.79989741829276,46.784637131441045,33.28287509947748,10.244880528598001,0.0,0.0,32.25833220084846,71.38028825438866,116.0
[22/09/2019 12:51:20 PM] 91.7694506873713,32.492228925017926,56.709347149474894,129.46336198386473,176.6640630320251,72.70666398468305,116.0,116.0,98.63701482596687,100.43434121133872,6.370532015677512,56.51788547634502,35.97958865488637,72.12094272356136,0.0,116.0
[22/09/2019 12:51:20 PM] 77.41701985754486,0.0,72.72136107929617,122.7389498097479,180.0,153.53488696878327,57.13878445817413,31.43952980403897,0.0,50.92315916945723,63.181385837054464,4.276984361432014,20.38118599195269,87.64724630429203,93.81357130610171,71.69817697336404
[22/09/2019 12:51:20 PM] 147.13029217165985,31.001006363508015,0.0,68.6052993417801,76.79287586433921,1.7904651447670155,0.0,116.0,116.0,65.68735064201557,48.410067638582916,106.11983291358034,13.256986197011965,94.72908154629891,107.25004417182771,102.27439977407839
[22/09/2019 12:51:20 PM] 34.88756618150752,148.14637812864675,23.126454990744477,48.23919606918851,171.11340788754242,66.78165646890757,116.0,42.34809992822791,0.0,62.06488629896626,53.23638751158205,19.535115891452925,94.91750470348433,84.36727666079287,116.0,55.652235498647926
[22/09/2019 12:51:20 PM] 157.46062902331255,122.02790088194723,0.0,81.03632830048267,180.0,20.46628105692514,97.20747957001458,37.257530047655486,0.0,116.0,81.41173590658644,27.02925891944772,101.69516546305942,116.0,90.05775120415854,116.0
[22/09/2019 12:51:20 PM] 115.9666209119972,137.51857583019336,39.360902051348475,84.15550622844887,168.20366833978056,43.470651167998454,1.4547327903238632,31.662241926376566,80.615352656293,107.07779829966756,0.0,0.04160892969155228,0.0,78.14667657720237,0.0,97.71299405847118
[22/09/2019 12:51:20 PM] 2.6558978707138294,0.0,34.728651895547216,152.96829600559957,116.34662869154232,180.0,0.0,0.0,58.05826045102796,0.0,43.37155405072377,40.1403550571717,20.147298020507478,0.0,75.74979325363617,116.0
[22/09/2019 12:51:20 PM] 12.549352164353508,0.0,0.0,165.26733894085896,139.8399366493401,180.0,1.5212562210802076,17.76284629609531,37.58008929230935,0.0,55.75565613798504,0.0,0.7488037580822322,0.0,116.0,63.202639151866954
[22/09/2019 12:51:20 PM] 0.0,32.18984046120315,47.541910795009656,10.17767874290918,131.04218312347683,72.42973696198126,50.434086723548546,11.79173713269244,0.0,116.0,87.49686326708988,114.28199149359493,0.0,0.0,103.5354852260958,116.0
[22/09/2019 12:51:20 PM] 55.99129700646276,55.60646048428082,66.51059947581362,121.0891255557444,180.0,121.22024934428178,0.0,116.0,9.881363656936003,109.23796696640811,45.76830862683911,42.80350522725091,83.87546687171819,76.2879127021812,89.38856546804351,116.0
[22/09/2019 12:51:20 PM] 56.92095875455115,0.0,8.72739126420808,180.0,121.56964199077174,180.0,45.805678608541626,0.0,0.0,0.0,12.774920705221703,0.0,108.24645867742007,36.85845287113092,101.16646246469631,98.71577535035006
[22/09/2019 12:51:20 PM] 99.84155531434214,0.0,0.0,107.54341306531231,40.299590957271334,122.23517944235104,70.32934259368778,0.0,116.0,76.54468010445804,116.0,86.86409568793823,106.37296906640391,116.0,63.70316945459369,70.11138425393196
[22/09/2019 12:51:20 PM] 5.9043632904302115,0.0,123.33477540590063,138.27403449179252,180.0,120.82357779767204,116.0,35.224150265354794,116.0,116.0,0.0,0.0,0.0,5.353315063616009,0.0,52.36216084020141
[22/09/2019 12:51:20 PM] 0.0,37.3928869565118,1.5334850093170402,95.15123945415357,128.9098981364363,77.58860339986417,76.38442135161806,12.485392153223714,6.086204068335263,25.56681216771058,23.218685932305604,48.81587960184474,88.67725456715857,116.0,0.0,116.0
[22/09/2019 12:51:20 PM] 0.0,0.0,0.0,28.28803917205459,121.24844074437395,180.0,70.46336688827178,0.0,0.0,0.0,76.51859134375603,55.3549900022157,12.90952088310543,0.0,30.04903736383396,116.0
[22/09/2019 12:51:20 PM] 12.637815074770359,0.0,46.45713204191465,180.0,180.0,41.89302447547108,0.0,4.812853542893441,93.40348470428393,116.0,27.461249639831607,31.314835950567556,87.244471008548,0.0,116.0,116.0
[22/09/2019 12:51:20 PM] 54.49067674437035,0.0,83.47559895792088,157.15251956652185,180.0,180.0,48.21133514883135,0.0,68.997041022377,22.2641103204365,0.0,7.845758517757787,0.0,71.64772194800167,36.004382187264966,80.39800225710056
[22/09/2019 12:51:20 PM] 78.0984952703932,37.36309650177735,0.0,115.5270252975685,180.0,142.79814562579466,116.0,30.96771278425031,0.0,0.0,18.368879140562967,0.0,39.33608180090852,70.44091585635792,0.5509891391898165,116.0
[22/09/2019 12:51:20 PM] 55.89048194296524,0.0,83.74034603568741,131.87931055925984,80.99274100676769,81.17508385641028,4.644065972717385,24.283414862909694,116.0,0.0,76.13659579174191,116.0,16.533063505459623,80.93364161588804,24.453491166733414,116.0
[22/09/2019 12:53:12 PM] Loop core typed: 2
[22/09/2019 12:53:12 PM] Radio value typed: 3.0
[22/09/2019 12:53:12 PM] Optimising ...
[22/09/2019 12:55:00 PM] Optimization process is done
[22/09/2019 12:57:02 PM] Starting algorithm core for optimising ...
[22/09/2019 12:57:21 PM] DATA LOADED FOR EACH CLASSIFIER
[22/09/2019 12:57:21 PM] 58.59907790474412,0.0,0.0,98.76197375822694,84.70644410106348,0.0,0.0,72.79989741829276,46.784637131441045,33.28287509947748,10.244880528598001,0.0,0.0,32.25833220084846,71.38028825438866,116.0
[22/09/2019 12:57:21 PM] 91.7694506873713,32.492228925017926,56.709347149474894,129.46336198386473,176.6640630320251,72.70666398468305,116.0,116.0,98.63701482596687,100.43434121133872,6.370532015677512,56.51788547634502,35.97958865488637,72.12094272356136,0.0,116.0
[22/09/2019 12:57:21 PM] 77.41701985754486,0.0,72.72136107929617,122.7389498097479,180.0,153.53488696878327,57.13878445817413,31.43952980403897,0.0,50.92315916945723,63.181385837054464,4.276984361432014,20.38118599195269,87.64724630429203,93.81357130610171,71.69817697336404
[22/09/2019 12:57:21 PM] 147.13029217165985,31.001006363508015,0.0,68.6052993417801,76.79287586433921,1.7904651447670155,0.0,116.0,116.0,65.68735064201557,48.410067638582916,106.11983291358034,13.256986197011965,94.72908154629891,107.25004417182771,102.27439977407839
[22/09/2019 12:57:21 PM] 34.88756618150752,148.14637812864675,23.126454990744477,48.23919606918851,171.11340788754242,66.78165646890757,116.0,42.34809992822791,0.0,62.06488629896626,53.23638751158205,19.535115891452925,94.91750470348433,84.36727666079287,116.0,55.652235498647926
[22/09/2019 12:57:21 PM] 157.46062902331255,122.02790088194723,0.0,81.03632830048267,180.0,20.46628105692514,97.20747957001458,37.257530047655486,0.0,116.0,81.41173590658644,27.02925891944772,101.69516546305942,116.0,90.05775120415854,116.0
[22/09/2019 12:57:21 PM] 115.9666209119972,137.51857583019336,39.360902051348475,84.15550622844887,168.20366833978056,43.470651167998454,1.4547327903238632,31.662241926376566,80.615352656293,107.07779829966756,0.0,0.04160892969155228,0.0,78.14667657720237,0.0,97.71299405847118
[22/09/2019 12:57:21 PM] 2.6558978707138294,0.0,34.728651895547216,152.96829600559957,116.34662869154232,180.0,0.0,0.0,58.05826045102796,0.0,43.37155405072377,40.1403550571717,20.147298020507478,0.0,75.74979325363617,116.0
[22/09/2019 12:57:21 PM] 12.549352164353508,0.0,0.0,165.26733894085896,139.8399366493401,180.0,1.5212562210802076,17.76284629609531,37.58008929230935,0.0,55.75565613798504,0.0,0.7488037580822322,0.0,116.0,63.202639151866954
[22/09/2019 12:57:21 PM] 0.0,32.18984046120315,47.541910795009656,10.17767874290918,131.04218312347683,72.42973696198126,50.434086723548546,11.79173713269244,0.0,116.0,87.49686326708988,114.28199149359493,0.0,0.0,103.5354852260958,116.0
[22/09/2019 12:57:21 PM] 55.99129700646276,55.60646048428082,66.51059947581362,121.0891255557444,180.0,121.22024934428178,0.0,116.0,9.881363656936003,109.23796696640811,45.76830862683911,42.80350522725091,83.87546687171819,76.2879127021812,89.38856546804351,116.0
[22/09/2019 12:57:21 PM] 56.92095875455115,0.0,8.72739126420808,180.0,121.56964199077174,180.0,45.805678608541626,0.0,0.0,0.0,12.774920705221703,0.0,108.24645867742007,36.85845287113092,101.16646246469631,98.71577535035006
[22/09/2019 12:57:21 PM] 99.84155531434214,0.0,0.0,107.54341306531231,40.299590957271334,122.23517944235104,70.32934259368778,0.0,116.0,76.54468010445804,116.0,86.86409568793823,106.37296906640391,116.0,63.70316945459369,70.11138425393196
[22/09/2019 12:57:21 PM] 5.9043632904302115,0.0,123.33477540590063,138.27403449179252,180.0,120.82357779767204,116.0,35.224150265354794,116.0,116.0,0.0,0.0,0.0,5.353315063616009,0.0,52.36216084020141
[22/09/2019 12:57:21 PM] 0.0,37.3928869565118,1.5334850093170402,95.15123945415357,128.9098981364363,77.58860339986417,76.38442135161806,12.485392153223714,6.086204068335263,25.56681216771058,23.218685932305604,48.81587960184474,88.67725456715857,116.0,0.0,116.0
[22/09/2019 12:57:21 PM] 0.0,0.0,0.0,28.28803917205459,121.24844074437395,180.0,70.46336688827178,0.0,0.0,0.0,76.51859134375603,55.3549900022157,12.90952088310543,0.0,30.04903736383396,116.0
[22/09/2019 12:57:21 PM] 12.637815074770359,0.0,46.45713204191465,180.0,180.0,41.89302447547108,0.0,4.812853542893441,93.40348470428393,116.0,27.461249639831607,31.314835950567556,87.244471008548,0.0,116.0,116.0
[22/09/2019 12:57:21 PM] 54.49067674437035,0.0,83.47559895792088,157.15251956652185,180.0,180.0,48.21133514883135,0.0,68.997041022377,22.2641103204365,0.0,7.845758517757787,0.0,71.64772194800167,36.004382187264966,80.39800225710056
[22/09/2019 12:57:21 PM] 78.0984952703932,37.36309650177735,0.0,115.5270252975685,180.0,142.79814562579466,116.0,30.96771278425031,0.0,0.0,18.368879140562967,0.0,39.33608180090852,70.44091585635792,0.5509891391898165,116.0
[22/09/2019 12:57:21 PM] 55.89048194296524,0.0,83.74034603568741,131.87931055925984,80.99274100676769,81.17508385641028,4.644065972717385,24.283414862909694,116.0,0.0,76.13659579174191,116.0,16.533063505459623,80.93364161588804,24.453491166733414,116.0
[22/09/2019 01:00:37 PM] Loop core typed: 1
[22/09/2019 01:00:37 PM] Radio value typed: 66.0
[22/09/2019 01:00:37 PM] Optimising ...
[22/09/2019 01:00:37 PM] Mandatory score files not found. 4
[22/09/2019 01:01:05 PM] Starting algorithm core for optimising ...
[22/09/2019 01:01:20 PM] DATA LOADED FOR EACH CLASSIFIER
[22/09/2019 01:01:20 PM] 58.59907790474412,0.0,0.0,98.76197375822694,84.70644410106348,0.0,0.0,72.79989741829276,46.784637131441045,33.28287509947748,10.244880528598001,0.0,0.0,32.25833220084846,71.38028825438866,116.0
[22/09/2019 01:01:20 PM] 91.7694506873713,32.492228925017926,56.709347149474894,129.46336198386473,176.6640630320251,72.70666398468305,116.0,116.0,98.63701482596687,100.43434121133872,6.370532015677512,56.51788547634502,35.97958865488637,72.12094272356136,0.0,116.0
[22/09/2019 01:01:20 PM] 77.41701985754486,0.0,72.72136107929617,122.7389498097479,180.0,153.53488696878327,57.13878445817413,31.43952980403897,0.0,50.92315916945723,63.181385837054464,4.276984361432014,20.38118599195269,87.64724630429203,93.81357130610171,71.69817697336404
[22/09/2019 01:01:20 PM] 147.13029217165985,31.001006363508015,0.0,68.6052993417801,76.79287586433921,1.7904651447670155,0.0,116.0,116.0,65.68735064201557,48.410067638582916,106.11983291358034,13.256986197011965,94.72908154629891,107.25004417182771,102.27439977407839
[22/09/2019 01:01:20 PM] 34.88756618150752,148.14637812864675,23.126454990744477,48.23919606918851,171.11340788754242,66.78165646890757,116.0,42.34809992822791,0.0,62.06488629896626,53.23638751158205,19.535115891452925,94.91750470348433,84.36727666079287,116.0,55.652235498647926
[22/09/2019 01:01:20 PM] 157.46062902331255,122.02790088194723,0.0,81.03632830048267,180.0,20.46628105692514,97.20747957001458,37.257530047655486,0.0,116.0,81.41173590658644,27.02925891944772,101.69516546305942,116.0,90.05775120415854,116.0
[22/09/2019 01:01:20 PM] 115.9666209119972,137.51857583019336,39.360902051348475,84.15550622844887,168.20366833978056,43.470651167998454,1.4547327903238632,31.662241926376566,80.615352656293,107.07779829966756,0.0,0.04160892969155228,0.0,78.14667657720237,0.0,97.71299405847118
[22/09/2019 01:01:20 PM] 2.6558978707138294,0.0,34.728651895547216,152.96829600559957,116.34662869154232,180.0,0.0,0.0,58.05826045102796,0.0,43.37155405072377,40.1403550571717,20.147298020507478,0.0,75.74979325363617,116.0
[22/09/2019 01:01:20 PM] 12.549352164353508,0.0,0.0,165.26733894085896,139.8399366493401,180.0,1.5212562210802076,17.76284629609531,37.58008929230935,0.0,55.75565613798504,0.0,0.7488037580822322,0.0,116.0,63.202639151866954
[22/09/2019 01:01:20 PM] 0.0,32.18984046120315,47.541910795009656,10.17767874290918,131.04218312347683,72.42973696198126,50.434086723548546,11.79173713269244,0.0,116.0,87.49686326708988,114.28199149359493,0.0,0.0,103.5354852260958,116.0
[22/09/2019 01:01:20 PM] 55.99129700646276,55.60646048428082,66.51059947581362,121.0891255557444,180.0,121.22024934428178,0.0,116.0,9.881363656936003,109.23796696640811,45.76830862683911,42.80350522725091,83.87546687171819,76.2879127021812,89.38856546804351,116.0
[22/09/2019 01:01:20 PM] 56.92095875455115,0.0,8.72739126420808,180.0,121.56964199077174,180.0,45.805678608541626,0.0,0.0,0.0,12.774920705221703,0.0,108.24645867742007,36.85845287113092,101.16646246469631,98.71577535035006
[22/09/2019 01:01:20 PM] 99.84155531434214,0.0,0.0,107.54341306531231,40.299590957271334,122.23517944235104,70.32934259368778,0.0,116.0,76.54468010445804,116.0,86.86409568793823,106.37296906640391,116.0,63.70316945459369,70.11138425393196
[22/09/2019 01:01:20 PM] 5.9043632904302115,0.0,123.33477540590063,138.27403449179252,180.0,120.82357779767204,116.0,35.224150265354794,116.0,116.0,0.0,0.0,0.0,5.353315063616009,0.0,52.36216084020141
[22/09/2019 01:01:20 PM] 0.0,37.3928869565118,1.5334850093170402,95.15123945415357,128.9098981364363,77.58860339986417,76.38442135161806,12.485392153223714,6.086204068335263,25.56681216771058,23.218685932305604,48.81587960184474,88.67725456715857,116.0,0.0,116.0
[22/09/2019 01:01:20 PM] 0.0,0.0,0.0,28.28803917205459,121.24844074437395,180.0,70.46336688827178,0.0,0.0,0.0,76.51859134375603,55.3549900022157,12.90952088310543,0.0,30.04903736383396,116.0
[22/09/2019 01:01:20 PM] 12.637815074770359,0.0,46.45713204191465,180.0,180.0,41.89302447547108,0.0,4.812853542893441,93.40348470428393,116.0,27.461249639831607,31.314835950567556,87.244471008548,0.0,116.0,116.0
[22/09/2019 01:01:20 PM] 54.49067674437035,0.0,83.47559895792088,157.15251956652185,180.0,180.0,48.21133514883135,0.0,68.997041022377,22.2641103204365,0.0,7.845758517757787,0.0,71.64772194800167,36.004382187264966,80.39800225710056
[22/09/2019 01:01:20 PM] 78.0984952703932,37.36309650177735,0.0,115.5270252975685,180.0,142.79814562579466,116.0,30.96771278425031,0.0,0.0,18.368879140562967,0.0,39.33608180090852,70.44091585635792,0.5509891391898165,116.0
[22/09/2019 01:01:20 PM] 55.89048194296524,0.0,83.74034603568741,131.87931055925984,80.99274100676769,81.17508385641028,4.644065972717385,24.283414862909694,116.0,0.0,76.13659579174191,116.0,16.533063505459623,80.93364161588804,24.453491166733414,116.0
[22/09/2019 01:02:01 PM] Loop core typed: 2
[22/09/2019 01:02:01 PM] Radio value typed: 66.0
[22/09/2019 01:02:01 PM] Optimising ...
[22/09/2019 01:18:31 PM] Optimization process is done
[22/09/2019, 2:16:25 p. m.] Starting algorithm core for optimising ...
[22/09/2019, 2:16:47 p. m.] Starting algorithm core for running ...
[22/09/2019, 2:17:16 p. m.] DATA LOADED FOR EACH CLASSIFIER
[22/09/2019, 2:17:16 p. m.] 58.59907790474412,0.0,0.0,98.76197375822694,84.70644410106348,0.0,0.0,72.79989741829276,46.784637131441045,33.28287509947748,10.244880528598001,0.0,0.0,32.25833220084846,71.38028825438866,116.0
[22/09/2019, 2:17:16 p. m.] 91.7694506873713,32.492228925017926,56.709347149474894,129.46336198386473,176.6640630320251,72.70666398468305,116.0,116.0,98.63701482596687,100.43434121133872,6.370532015677512,56.51788547634502,35.97958865488637,72.12094272356136,0.0,116.0
[22/09/2019, 2:17:16 p. m.] 77.41701985754486,0.0,72.72136107929617,122.7389498097479,180.0,153.53488696878327,57.13878445817413,31.43952980403897,0.0,50.92315916945723,63.181385837054464,4.276984361432014,20.38118599195269,87.64724630429203,93.81357130610171,71.69817697336404
[22/09/2019, 2:17:16 p. m.] 147.13029217165985,31.001006363508015,0.0,68.6052993417801,76.79287586433921,1.7904651447670155,0.0,116.0,116.0,65.68735064201557,48.410067638582916,106.11983291358034,13.256986197011965,94.72908154629891,107.25004417182771,102.27439977407839
[22/09/2019, 2:17:16 p. m.] 34.88756618150752,148.14637812864675,23.126454990744477,48.23919606918851,171.11340788754242,66.78165646890757,116.0,42.34809992822791,0.0,62.06488629896626,53.23638751158205,19.535115891452925,94.91750470348433,84.36727666079287,116.0,55.652235498647926
[22/09/2019, 2:17:16 p. m.] 157.46062902331255,122.02790088194723,0.0,81.03632830048267,180.0,20.46628105692514,97.20747957001458,37.257530047655486,0.0,116.0,81.41173590658644,27.02925891944772,101.69516546305942,116.0,90.05775120415854,116.0
[22/09/2019, 2:17:16 p. m.] 115.9666209119972,137.51857583019336,39.360902051348475,84.15550622844887,168.20366833978056,43.470651167998454,1.4547327903238632,31.662241926376566,80.615352656293,107.07779829966756,0.0,0.04160892969155228,0.0,78.14667657720237,0.0,97.71299405847118
[22/09/2019, 2:17:16 p. m.] 2.6558978707138294,0.0,34.728651895547216,152.96829600559957,116.34662869154232,180.0,0.0,0.0,58.05826045102796,0.0,43.37155405072377,40.1403550571717,20.147298020507478,0.0,75.74979325363617,116.0
[22/09/2019, 2:17:16 p. m.] 12.549352164353508,0.0,0.0,165.26733894085896,139.8399366493401,180.0,1.5212562210802076,17.76284629609531,37.58008929230935,0.0,55.75565613798504,0.0,0.7488037580822322,0.0,116.0,63.202639151866954
[22/09/2019, 2:17:16 p. m.] 0.0,32.18984046120315,47.541910795009656,10.17767874290918,131.04218312347683,72.42973696198126,50.434086723548546,11.79173713269244,0.0,116.0,87.49686326708988,114.28199149359493,0.0,0.0,103.5354852260958,116.0
[22/09/2019, 2:17:16 p. m.] 55.99129700646276,55.60646048428082,66.51059947581362,121.0891255557444,180.0,121.22024934428178,0.0,116.0,9.881363656936003,109.23796696640811,45.76830862683911,42.80350522725091,83.87546687171819,76.2879127021812,89.38856546804351,116.0
[22/09/2019, 2:17:16 p. m.] 56.92095875455115,0.0,8.72739126420808,180.0,121.56964199077174,180.0,45.805678608541626,0.0,0.0,0.0,12.774920705221703,0.0,108.24645867742007,36.85845287113092,101.16646246469631,98.71577535035006
[22/09/2019, 2:17:16 p. m.] 99.84155531434214,0.0,0.0,107.54341306531231,40.299590957271334,122.23517944235104,70.32934259368778,0.0,116.0,76.54468010445804,116.0,86.86409568793823,106.37296906640391,116.0,63.70316945459369,70.11138425393196
[22/09/2019, 2:17:16 p. m.] 5.9043632904302115,0.0,123.33477540590063,138.27403449179252,180.0,120.82357779767204,116.0,35.224150265354794,116.0,116.0,0.0,0.0,0.0,5.353315063616009,0.0,52.36216084020141
[22/09/2019, 2:17:16 p. m.] 0.0,37.3928869565118,1.5334850093170402,95.15123945415357,128.9098981364363,77.58860339986417,76.38442135161806,12.485392153223714,6.086204068335263,25.56681216771058,23.218685932305604,48.81587960184474,88.67725456715857,116.0,0.0,116.0
[22/09/2019, 2:17:16 p. m.] 0.0,0.0,0.0,28.28803917205459,121.24844074437395,180.0,70.46336688827178,0.0,0.0,0.0,76.51859134375603,55.3549900022157,12.90952088310543,0.0,30.04903736383396,116.0
[22/09/2019, 2:17:16 p. m.] 12.637815074770359,0.0,46.45713204191465,180.0,180.0,41.89302447547108,0.0,4.812853542893441,93.40348470428393,116.0,27.461249639831607,31.314835950567556,87.244471008548,0.0,116.0,116.0
[22/09/2019, 2:17:16 p. m.] 54.49067674437035,0.0,83.47559895792088,157.15251956652185,180.0,180.0,48.21133514883135,0.0,68.997041022377,22.2641103204365,0.0,7.845758517757787,0.0,71.64772194800167,36.004382187264966,80.39800225710056
[22/09/2019, 2:17:16 p. m.] 78.0984952703932,37.36309650177735,0.0,115.5270252975685,180.0,142.79814562579466,116.0,30.96771278425031,0.0,0.0,18.368879140562967,0.0,39.33608180090852,70.44091585635792,0.5509891391898165,116.0
[22/09/2019, 2:17:16 p. m.] 55.89048194296524,0.0,83.74034603568741,131.87931055925984,80.99274100676769,81.17508385641028,4.644065972717385,24.283414862909694,116.0,0.0,76.13659579174191,116.0,16.533063505459623,80.93364161588804,24.453491166733414,116.0
[22/09/2019, 2:17:16 p. m.] running, please wait a moment ...
[22/09/2019, 2:18:33 p. m.] Running process is over
[22/09/2019, 2:18:33 p. m.] THE FINAL VALUES ARE: 
0.9152422907488986
0.5661727133367399
0.618054338299737
0.8328912466843502

[22/09/2019, 3:26:52 p. m.] Starting algorithm core for running ...
[22/09/2019, 3:27:26 p. m.] DATA LOADED FOR EACH CLASSIFIER
[22/09/2019, 3:27:26 p. m.] 68.87298710649434,0.0,2.4830902136959025,89.07114512907363,77.62049369555399,0.0,0.0,92.34193851289044,66.25905131511826,51.919264771757064,7.320560017066737,0.0,0.0,28.6147648153922,61.71485936777327,116.0
[22/09/2019, 3:27:26 p. m.] 94.02927971048106,33.64054083862138,57.3810257190438,138.54893990479152,180.0,82.265582747536,108.81460355550253,108.64226839139285,107.92778617174555,111.34771137497503,11.573539907282473,63.5362163198457,37.78321317333469,70.97082188394626,0.0,115.24346635639829
[22/09/2019, 3:27:26 p. m.] 77.41701985754486,0.0,72.72136107929617,122.7389498097479,180.0,153.53488696878327,57.13878445817413,31.43952980403897,0.0,50.92315916945723,63.181385837054464,4.276984361432014,20.38118599195269,87.64724630429203,93.81357130610171,71.69817697336404
[22/09/2019, 3:27:26 p. m.] 150.46632253718298,28.869724919538612,0.8733613352591281,57.997950673128486,78.09873152118165,5.339124791858708,0.0,116.0,115.58524906580165,59.74476809497285,41.093142466818506,116.0,13.501458232815482,88.58335003790974,111.5016535781127,101.84153679264199
[22/09/2019, 3:27:26 p. m.] 39.96097430783994,157.35808643346797,32.33581160854352,52.18945367238502,161.83793892659864,56.32755479848677,116.0,49.05671314349967,0.0,71.40566922816649,59.04076688201751,8.609491487134003,100.11881477082045,94.4041187980882,116.0,48.80326079659455
[22/09/2019, 3:27:26 p. m.] 145.27527591497048,103.31020581226645,13.117890394360202,80.88026492346451,180.0,22.185109491999732,112.21913089866524,34.232979233948505,0.0,116.0,73.25614441965391,22.80375314411017,105.72354645948636,116.0,84.71945306670851,116.0
[22/09/2019, 3:27:26 p. m.] 119.41732626043175,135.12961310576551,40.57591324897158,85.94801614144485,170.93856571891564,37.82294636725318,3.3726239339886943,29.263274616535504,100.69759250711267,116.0,5.716872057341048,17.948520553180693,11.299812347556975,85.01337330499413,0.0,104.27855394829713
[22/09/2019, 3:27:26 p. m.] 2.6558978707138294,0.0,34.728651895547216,152.96829600559957,116.34662869154232,180.0,0.0,0.0,58.05826045102796,0.0,43.37155405072377,40.1403550571717,20.147298020507478,0.0,75.74979325363617,116.0
[22/09/2019, 3:27:26 p. m.] 12.549352164353508,0.0,0.0,165.26733894085896,139.8399366493401,180.0,1.5212562210802076,17.76284629609531,37.58008929230935,0.0,55.75565613798504,0.0,0.7488037580822322,0.0,116.0,63.202639151866954
[22/09/2019, 3:27:26 p. m.] 0.0,32.18984046120315,47.541910795009656,10.17767874290918,131.04218312347683,72.42973696198126,50.434086723548546,11.79173713269244,0.0,116.0,87.49686326708988,114.28199149359493,0.0,0.0,103.5354852260958,116.0
[22/09/2019, 3:27:26 p. m.] 55.99129700646276,55.60646048428082,66.51059947581362,121.0891255557444,180.0,121.22024934428178,0.0,116.0,9.881363656936003,109.23796696640811,45.76830862683911,42.80350522725091,83.87546687171819,76.2879127021812,89.38856546804351,116.0
[22/09/2019, 3:27:26 p. m.] 56.92095875455115,0.0,8.72739126420808,180.0,121.56964199077174,180.0,45.805678608541626,0.0,0.0,0.0,12.774920705221703,0.0,108.24645867742007,36.85845287113092,101.16646246469631,98.71577535035006
[22/09/2019, 3:27:26 p. m.] 99.84155531434214,0.0,0.0,107.54341306531231,40.299590957271334,122.23517944235104,70.32934259368778,0.0,116.0,76.54468010445804,116.0,86.86409568793823,106.37296906640391,116.0,63.70316945459369,70.11138425393196
[22/09/2019, 3:27:26 p. m.] 5.9043632904302115,0.0,123.33477540590063,138.27403449179252,180.0,120.82357779767204,116.0,35.224150265354794,116.0,116.0,0.0,0.0,0.0,5.353315063616009,0.0,52.36216084020141
[22/09/2019, 3:27:26 p. m.] 0.0,37.3928869565118,1.5334850093170402,95.15123945415357,128.9098981364363,77.58860339986417,76.38442135161806,12.485392153223714,6.086204068335263,25.56681216771058,23.218685932305604,48.81587960184474,88.67725456715857,116.0,0.0,116.0
[22/09/2019, 3:27:26 p. m.] 0.0,0.0,0.0,28.28803917205459,121.24844074437395,180.0,70.46336688827178,0.0,0.0,0.0,76.51859134375603,55.3549900022157,12.90952088310543,0.0,30.04903736383396,116.0
[22/09/2019, 3:27:26 p. m.] 9.319384057479958,0.0,46.892391084319975,180.0,180.0,39.07477273087804,0.0,5.803496442269868,95.7737370941773,116.0,27.37650451349538,35.430410796060436,90.27772768878043,0.0,116.0,114.10895239539342
[22/09/2019, 3:27:26 p. m.] 57.2252800915012,1.5113866551751194,87.47268567350665,155.39808284087871,179.2734475818986,180.0,51.856182707466694,3.8340553297516653,73.16690204546882,20.183160249524057,0.0,5.056137998464414,0.0,69.20067290613414,34.07170382407664,83.26907599748472
[22/09/2019, 3:27:26 p. m.] 78.0984952703932,37.36309650177735,0.0,115.5270252975685,180.0,142.79814562579466,116.0,30.96771278425031,0.0,0.0,18.368879140562967,0.0,39.33608180090852,70.44091585635792,0.5509891391898165,116.0
[22/09/2019, 3:27:26 p. m.] 55.89048194296524,0.0,83.74034603568741,131.87931055925984,80.99274100676769,81.17508385641028,4.644065972717385,24.283414862909694,116.0,0.0,76.13659579174191,116.0,16.533063505459623,80.93364161588804,24.453491166733414,116.0
[22/09/2019, 3:27:26 p. m.] running, please wait a moment ...
[22/09/2019, 3:28:55 p. m.] Running process is over
[22/09/2019, 3:28:55 p. m.] THE FINAL VALUES ARE: 
0.9161085653859712
0.5658062867365193
0.6195062160742426
0.8381962864721486

[22/09/2019, 3:30:20 p. m.] Starting algorithm core for optimising ...
[22/09/2019, 3:30:28 p. m.] DATA LOADED FOR EACH CLASSIFIER
[22/09/2019, 3:30:28 p. m.] 68.87298710649434,0.0,2.4830902136959025,89.07114512907363,77.62049369555399,0.0,0.0,92.34193851289044,66.25905131511826,51.919264771757064,7.320560017066737,0.0,0.0,28.6147648153922,61.71485936777327,116.0
[22/09/2019, 3:30:28 p. m.] 94.02927971048106,33.64054083862138,57.3810257190438,138.54893990479152,180.0,82.265582747536,108.81460355550253,108.64226839139285,107.92778617174555,111.34771137497503,11.573539907282473,63.5362163198457,37.78321317333469,70.97082188394626,0.0,115.24346635639829
[22/09/2019, 3:30:28 p. m.] 77.41701985754486,0.0,72.72136107929617,122.7389498097479,180.0,153.53488696878327,57.13878445817413,31.43952980403897,0.0,50.92315916945723,63.181385837054464,4.276984361432014,20.38118599195269,87.64724630429203,93.81357130610171,71.69817697336404
[22/09/2019, 3:30:28 p. m.] 150.46632253718298,28.869724919538612,0.8733613352591281,57.997950673128486,78.09873152118165,5.339124791858708,0.0,116.0,115.58524906580165,59.74476809497285,41.093142466818506,116.0,13.501458232815482,88.58335003790974,111.5016535781127,101.84153679264199
[22/09/2019, 3:30:28 p. m.] 39.96097430783994,157.35808643346797,32.33581160854352,52.18945367238502,161.83793892659864,56.32755479848677,116.0,49.05671314349967,0.0,71.40566922816649,59.04076688201751,8.609491487134003,100.11881477082045,94.4041187980882,116.0,48.80326079659455
[22/09/2019, 3:30:28 p. m.] 145.27527591497048,103.31020581226645,13.117890394360202,80.88026492346451,180.0,22.185109491999732,112.21913089866524,34.232979233948505,0.0,116.0,73.25614441965391,22.80375314411017,105.72354645948636,116.0,84.71945306670851,116.0
[22/09/2019, 3:30:28 p. m.] 119.41732626043175,135.12961310576551,40.57591324897158,85.94801614144485,170.93856571891564,37.82294636725318,3.3726239339886943,29.263274616535504,100.69759250711267,116.0,5.716872057341048,17.948520553180693,11.299812347556975,85.01337330499413,0.0,104.27855394829713
[22/09/2019, 3:30:28 p. m.] 2.6558978707138294,0.0,34.728651895547216,152.96829600559957,116.34662869154232,180.0,0.0,0.0,58.05826045102796,0.0,43.37155405072377,40.1403550571717,20.147298020507478,0.0,75.74979325363617,116.0
[22/09/2019, 3:30:28 p. m.] 12.549352164353508,0.0,0.0,165.26733894085896,139.8399366493401,180.0,1.5212562210802076,17.76284629609531,37.58008929230935,0.0,55.75565613798504,0.0,0.7488037580822322,0.0,116.0,63.202639151866954
[22/09/2019, 3:30:28 p. m.] 0.0,32.18984046120315,47.541910795009656,10.17767874290918,131.04218312347683,72.42973696198126,50.434086723548546,11.79173713269244,0.0,116.0,87.49686326708988,114.28199149359493,0.0,0.0,103.5354852260958,116.0
[22/09/2019, 3:30:28 p. m.] 55.99129700646276,55.60646048428082,66.51059947581362,121.0891255557444,180.0,121.22024934428178,0.0,116.0,9.881363656936003,109.23796696640811,45.76830862683911,42.80350522725091,83.87546687171819,76.2879127021812,89.38856546804351,116.0
[22/09/2019, 3:30:28 p. m.] 56.92095875455115,0.0,8.72739126420808,180.0,121.56964199077174,180.0,45.805678608541626,0.0,0.0,0.0,12.774920705221703,0.0,108.24645867742007,36.85845287113092,101.16646246469631,98.71577535035006
[22/09/2019, 3:30:28 p. m.] 99.84155531434214,0.0,0.0,107.54341306531231,40.299590957271334,122.23517944235104,70.32934259368778,0.0,116.0,76.54468010445804,116.0,86.86409568793823,106.37296906640391,116.0,63.70316945459369,70.11138425393196
[22/09/2019, 3:30:28 p. m.] 5.9043632904302115,0.0,123.33477540590063,138.27403449179252,180.0,120.82357779767204,116.0,35.224150265354794,116.0,116.0,0.0,0.0,0.0,5.353315063616009,0.0,52.36216084020141
[22/09/2019, 3:30:28 p. m.] 0.0,37.3928869565118,1.5334850093170402,95.15123945415357,128.9098981364363,77.58860339986417,76.38442135161806,12.485392153223714,6.086204068335263,25.56681216771058,23.218685932305604,48.81587960184474,88.67725456715857,116.0,0.0,116.0
[22/09/2019, 3:30:28 p. m.] 0.0,0.0,0.0,28.28803917205459,121.24844074437395,180.0,70.46336688827178,0.0,0.0,0.0,76.51859134375603,55.3549900022157,12.90952088310543,0.0,30.04903736383396,116.0
[22/09/2019, 3:30:28 p. m.] 9.319384057479958,0.0,46.892391084319975,180.0,180.0,39.07477273087804,0.0,5.803496442269868,95.7737370941773,116.0,27.37650451349538,35.430410796060436,90.27772768878043,0.0,116.0,114.10895239539342
[22/09/2019, 3:30:28 p. m.] 57.2252800915012,1.5113866551751194,87.47268567350665,155.39808284087871,179.2734475818986,180.0,51.856182707466694,3.8340553297516653,73.16690204546882,20.183160249524057,0.0,5.056137998464414,0.0,69.20067290613414,34.07170382407664,83.26907599748472
[22/09/2019, 3:30:28 p. m.] 78.0984952703932,37.36309650177735,0.0,115.5270252975685,180.0,142.79814562579466,116.0,30.96771278425031,0.0,0.0,18.368879140562967,0.0,39.33608180090852,70.44091585635792,0.5509891391898165,116.0
[22/09/2019, 3:30:28 p. m.] 55.89048194296524,0.0,83.74034603568741,131.87931055925984,80.99274100676769,81.17508385641028,4.644065972717385,24.283414862909694,116.0,0.0,76.13659579174191,116.0,16.533063505459623,80.93364161588804,24.453491166733414,116.0
[22/09/2019, 3:30:39 p. m.] Loop core typed: 100
[22/09/2019, 3:30:39 p. m.] Radio value typed: 19.0
[22/09/2019, 3:30:39 p. m.] Optimising ...
[22/09/2019, 3:46:10 p. m.] Score 0.910349724835789 has been improved to 0.9104795737122559
[22/09/2019, 6:20:06 p. m.] Score 0.9104346295970438 has been improved to 0.9104661389621813
[22/09/2019, 9:03:43 p. m.] Score 0.5501474926253688 has been improved to 0.5504047093451067
[22/09/2019, 11:00:39 p. m.] Score 0.5498771498771499 has been improved to 0.5500122880314574
[23/09/2019, 7:21:52 a. m.] Mandatory score files not found. null
[23/09/2019, 8:30:39 a. m.] Starting algorithm core for optimising ...
[23/09/2019, 8:31:09 a. m.] DATA LOADED FOR EACH CLASSIFIER
[23/09/2019, 8:31:09 a. m.] 68.87298710649434,0.0,2.4830902136959025,89.07114512907363,77.62049369555399,0.0,0.0,92.34193851289044,66.25905131511826,51.919264771757064,7.320560017066737,0.0,0.0,28.6147648153922,61.71485936777327,116.0
[23/09/2019, 8:31:09 a. m.] 94.02927971048106,33.64054083862138,57.3810257190438,138.54893990479152,180.0,82.265582747536,108.81460355550253,108.64226839139285,107.92778617174555,111.34771137497503,11.573539907282473,63.5362163198457,37.78321317333469,70.97082188394626,0.0,115.24346635639829
[23/09/2019, 8:31:09 a. m.] 77.41701985754486,0.0,72.72136107929617,122.7389498097479,180.0,153.53488696878327,57.13878445817413,31.43952980403897,0.0,50.92315916945723,63.181385837054464,4.276984361432014,20.38118599195269,87.64724630429203,93.81357130610171,71.69817697336404
[23/09/2019, 8:31:09 a. m.] 150.46632253718298,28.869724919538612,0.8733613352591281,57.997950673128486,78.09873152118165,5.339124791858708,0.0,116.0,115.58524906580165,59.74476809497285,41.093142466818506,116.0,13.501458232815482,88.58335003790974,111.5016535781127,101.84153679264199
[23/09/2019, 8:31:09 a. m.] 39.96097430783994,157.35808643346797,32.33581160854352,52.18945367238502,161.83793892659864,56.32755479848677,116.0,49.05671314349967,0.0,71.40566922816649,59.04076688201751,8.609491487134003,100.11881477082045,94.4041187980882,116.0,48.80326079659455
[23/09/2019, 8:31:09 a. m.] 145.27527591497048,103.31020581226645,13.117890394360202,80.88026492346451,180.0,22.185109491999732,112.21913089866524,34.232979233948505,0.0,116.0,73.25614441965391,22.80375314411017,105.72354645948636,116.0,84.71945306670851,116.0
[23/09/2019, 8:31:09 a. m.] 119.41732626043175,135.12961310576551,40.57591324897158,85.94801614144485,170.93856571891564,37.82294636725318,3.3726239339886943,29.263274616535504,100.69759250711267,116.0,5.716872057341048,17.948520553180693,11.299812347556975,85.01337330499413,0.0,104.27855394829713
[23/09/2019, 8:31:09 a. m.] 2.6558978707138294,0.0,34.728651895547216,152.96829600559957,116.34662869154232,180.0,0.0,0.0,58.05826045102796,0.0,43.37155405072377,40.1403550571717,20.147298020507478,0.0,75.74979325363617,116.0
[23/09/2019, 8:31:09 a. m.] 12.549352164353508,0.0,0.0,165.26733894085896,139.8399366493401,180.0,1.5212562210802076,17.76284629609531,37.58008929230935,0.0,55.75565613798504,0.0,0.7488037580822322,0.0,116.0,63.202639151866954
[23/09/2019, 8:31:09 a. m.] 0.0,32.18984046120315,47.541910795009656,10.17767874290918,131.04218312347683,72.42973696198126,50.434086723548546,11.79173713269244,0.0,116.0,87.49686326708988,114.28199149359493,0.0,0.0,103.5354852260958,116.0
[23/09/2019, 8:31:09 a. m.] 55.99129700646276,55.60646048428082,66.51059947581362,121.0891255557444,180.0,121.22024934428178,0.0,116.0,9.881363656936003,109.23796696640811,45.76830862683911,42.80350522725091,83.87546687171819,76.2879127021812,89.38856546804351,116.0
[23/09/2019, 8:31:09 a. m.] 56.92095875455115,0.0,8.72739126420808,180.0,121.56964199077174,180.0,45.805678608541626,0.0,0.0,0.0,12.774920705221703,0.0,108.24645867742007,36.85845287113092,101.16646246469631,98.71577535035006
[23/09/2019, 8:31:09 a. m.] 99.84155531434214,0.0,0.0,107.54341306531231,40.299590957271334,122.23517944235104,70.32934259368778,0.0,116.0,76.54468010445804,116.0,86.86409568793823,106.37296906640391,116.0,63.70316945459369,70.11138425393196
[23/09/2019, 8:31:09 a. m.] 5.9043632904302115,0.0,123.33477540590063,138.27403449179252,180.0,120.82357779767204,116.0,35.224150265354794,116.0,116.0,0.0,0.0,0.0,5.353315063616009,0.0,52.36216084020141
[23/09/2019, 8:31:09 a. m.] 0.0,37.3928869565118,1.5334850093170402,95.15123945415357,128.9098981364363,77.58860339986417,76.38442135161806,12.485392153223714,6.086204068335263,25.56681216771058,23.218685932305604,48.81587960184474,88.67725456715857,116.0,0.0,116.0
[23/09/2019, 8:31:09 a. m.] 0.0,0.0,0.0,28.28803917205459,121.24844074437395,180.0,70.46336688827178,0.0,0.0,0.0,76.51859134375603,55.3549900022157,12.90952088310543,0.0,30.04903736383396,116.0
[23/09/2019, 8:31:09 a. m.] 9.319384057479958,0.0,46.892391084319975,180.0,180.0,39.07477273087804,0.0,5.803496442269868,95.7737370941773,116.0,27.37650451349538,35.430410796060436,90.27772768878043,0.0,116.0,114.10895239539342
[23/09/2019, 8:31:09 a. m.] 57.2252800915012,1.5113866551751194,87.47268567350665,155.39808284087871,179.2734475818986,180.0,51.856182707466694,3.8340553297516653,73.16690204546882,20.183160249524057,0.0,5.056137998464414,0.0,69.20067290613414,34.07170382407664,83.26907599748472
[23/09/2019, 8:31:09 a. m.] 78.0984952703932,37.36309650177735,0.0,115.5270252975685,180.0,142.79814562579466,116.0,30.96771278425031,0.0,0.0,18.368879140562967,0.0,39.33608180090852,70.44091585635792,0.5509891391898165,116.0
[23/09/2019, 8:31:09 a. m.] 55.89048194296524,0.0,83.74034603568741,131.87931055925984,80.99274100676769,81.17508385641028,4.644065972717385,24.283414862909694,116.0,0.0,76.13659579174191,116.0,16.533063505459623,80.93364161588804,24.453491166733414,116.0
[23/09/2019, 8:31:48 a. m.] Loop core typed: 2
[23/09/2019, 8:31:48 a. m.] Radio value typed: 12.0
[23/09/2019, 8:31:48 a. m.] Optimising ...
[23/09/2019, 10:19:16 a. m.] Optimization process is done
[23/09/2019, 10:19:22 a. m.] Starting algorithm core for optimising ...
[23/09/2019, 10:19:31 a. m.] DATA LOADED FOR EACH CLASSIFIER
[23/09/2019, 10:19:31 a. m.] 68.87298710649434,0.0,2.4830902136959025,89.07114512907363,77.62049369555399,0.0,0.0,92.34193851289044,66.25905131511826,51.919264771757064,7.320560017066737,0.0,0.0,28.6147648153922,61.71485936777327,116.0
[23/09/2019, 10:19:31 a. m.] 94.02927971048106,33.64054083862138,57.3810257190438,138.54893990479152,180.0,82.265582747536,108.81460355550253,108.64226839139285,107.92778617174555,111.34771137497503,11.573539907282473,63.5362163198457,37.78321317333469,70.97082188394626,0.0,115.24346635639829
[23/09/2019, 10:19:31 a. m.] 77.41701985754486,0.0,72.72136107929617,122.7389498097479,180.0,153.53488696878327,57.13878445817413,31.43952980403897,0.0,50.92315916945723,63.181385837054464,4.276984361432014,20.38118599195269,87.64724630429203,93.81357130610171,71.69817697336404
[23/09/2019, 10:19:31 a. m.] 150.46632253718298,28.869724919538612,0.8733613352591281,57.997950673128486,78.09873152118165,5.339124791858708,0.0,116.0,115.58524906580165,59.74476809497285,41.093142466818506,116.0,13.501458232815482,88.58335003790974,111.5016535781127,101.84153679264199
[23/09/2019, 10:19:31 a. m.] 39.96097430783994,157.35808643346797,32.33581160854352,52.18945367238502,161.83793892659864,56.32755479848677,116.0,49.05671314349967,0.0,71.40566922816649,59.04076688201751,8.609491487134003,100.11881477082045,94.4041187980882,116.0,48.80326079659455
[23/09/2019, 10:19:31 a. m.] 145.27527591497048,103.31020581226645,13.117890394360202,80.88026492346451,180.0,22.185109491999732,112.21913089866524,34.232979233948505,0.0,116.0,73.25614441965391,22.80375314411017,105.72354645948636,116.0,84.71945306670851,116.0
[23/09/2019, 10:19:31 a. m.] 119.41732626043175,135.12961310576551,40.57591324897158,85.94801614144485,170.93856571891564,37.82294636725318,3.3726239339886943,29.263274616535504,100.69759250711267,116.0,5.716872057341048,17.948520553180693,11.299812347556975,85.01337330499413,0.0,104.27855394829713
[23/09/2019, 10:19:31 a. m.] 2.6558978707138294,0.0,34.728651895547216,152.96829600559957,116.34662869154232,180.0,0.0,0.0,58.05826045102796,0.0,43.37155405072377,40.1403550571717,20.147298020507478,0.0,75.74979325363617,116.0
[23/09/2019, 10:19:31 a. m.] 12.549352164353508,0.0,0.0,165.26733894085896,139.8399366493401,180.0,1.5212562210802076,17.76284629609531,37.58008929230935,0.0,55.75565613798504,0.0,0.7488037580822322,0.0,116.0,63.202639151866954
[23/09/2019, 10:19:31 a. m.] 0.0,32.18984046120315,47.541910795009656,10.17767874290918,131.04218312347683,72.42973696198126,50.434086723548546,11.79173713269244,0.0,116.0,87.49686326708988,114.28199149359493,0.0,0.0,103.5354852260958,116.0
[23/09/2019, 10:19:31 a. m.] 55.99129700646276,55.60646048428082,66.51059947581362,121.0891255557444,180.0,121.22024934428178,0.0,116.0,9.881363656936003,109.23796696640811,45.76830862683911,42.80350522725091,83.87546687171819,76.2879127021812,89.38856546804351,116.0
[23/09/2019, 10:19:31 a. m.] 56.92095875455115,0.0,8.72739126420808,180.0,121.56964199077174,180.0,45.805678608541626,0.0,0.0,0.0,12.774920705221703,0.0,108.24645867742007,36.85845287113092,101.16646246469631,98.71577535035006
[23/09/2019, 10:19:31 a. m.] 99.84155531434214,0.0,0.0,107.54341306531231,40.299590957271334,122.23517944235104,70.32934259368778,0.0,116.0,76.54468010445804,116.0,86.86409568793823,106.37296906640391,116.0,63.70316945459369,70.11138425393196
[23/09/2019, 10:19:31 a. m.] 5.9043632904302115,0.0,123.33477540590063,138.27403449179252,180.0,120.82357779767204,116.0,35.224150265354794,116.0,116.0,0.0,0.0,0.0,5.353315063616009,0.0,52.36216084020141
[23/09/2019, 10:19:31 a. m.] 0.0,37.3928869565118,1.5334850093170402,95.15123945415357,128.9098981364363,77.58860339986417,76.38442135161806,12.485392153223714,6.086204068335263,25.56681216771058,23.218685932305604,48.81587960184474,88.67725456715857,116.0,0.0,116.0
[23/09/2019, 10:19:31 a. m.] 0.0,0.0,0.0,28.28803917205459,121.24844074437395,180.0,70.46336688827178,0.0,0.0,0.0,76.51859134375603,55.3549900022157,12.90952088310543,0.0,30.04903736383396,116.0
[23/09/2019, 10:19:31 a. m.] 9.319384057479958,0.0,46.892391084319975,180.0,180.0,39.07477273087804,0.0,5.803496442269868,95.7737370941773,116.0,27.37650451349538,35.430410796060436,90.27772768878043,0.0,116.0,114.10895239539342
[23/09/2019, 10:19:31 a. m.] 57.2252800915012,1.5113866551751194,87.47268567350665,155.39808284087871,179.2734475818986,180.0,51.856182707466694,3.8340553297516653,73.16690204546882,20.183160249524057,0.0,5.056137998464414,0.0,69.20067290613414,34.07170382407664,83.26907599748472
[23/09/2019, 10:19:31 a. m.] 78.0984952703932,37.36309650177735,0.0,115.5270252975685,180.0,142.79814562579466,116.0,30.96771278425031,0.0,0.0,18.368879140562967,0.0,39.33608180090852,70.44091585635792,0.5509891391898165,116.0
[23/09/2019, 10:19:31 a. m.] 55.89048194296524,0.0,83.74034603568741,131.87931055925984,80.99274100676769,81.17508385641028,4.644065972717385,24.283414862909694,116.0,0.0,76.13659579174191,116.0,16.533063505459623,80.93364161588804,24.453491166733414,116.0
[23/09/2019, 10:19:43 a. m.] Loop core typed: 100
[23/09/2019, 10:19:43 a. m.] Radio value typed: 12.0
[23/09/2019, 10:19:43 a. m.] Optimising ...
[23/09/2019, 10:25:07 a. m.] Score 0.910349724835789 has been improved to 0.9105113636363636
[23/09/2019, 1:00:47 p. m.] Score 0.9104346295970438 has been improved to 0.91056338028169
[23/09/2019, 2:11:04 p. m.] Score 0.6180676665504011 has been improved to 0.6183912057232595
[23/09/2019, 4:12:39 p. m.] Score 0.5501474926253688 has been improved to 0.5504047093451067
[23/09/2019, 5:13:19 p. m.] Starting algorithm core for running ...
[23/09/2019, 5:13:56 p. m.] DATA LOADED FOR EACH CLASSIFIER
[23/09/2019, 5:13:56 p. m.] 68.87298710649434,0.0,2.4830902136959025,89.07114512907363,77.62049369555399,0.0,0.0,92.34193851289044,66.25905131511826,51.919264771757064,7.320560017066737,0.0,0.0,28.6147648153922,61.71485936777327,116.0
[23/09/2019, 5:13:56 p. m.] 94.02927971048106,33.64054083862138,57.3810257190438,138.54893990479152,180.0,82.265582747536,108.81460355550253,108.64226839139285,107.92778617174555,111.34771137497503,11.573539907282473,63.5362163198457,37.78321317333469,70.97082188394626,0.0,115.24346635639829
[23/09/2019, 5:13:56 p. m.] 77.41701985754486,0.0,72.72136107929617,122.7389498097479,180.0,153.53488696878327,57.13878445817413,31.43952980403897,0.0,50.92315916945723,63.181385837054464,4.276984361432014,20.38118599195269,87.64724630429203,93.81357130610171,71.69817697336404
[23/09/2019, 5:13:56 p. m.] 150.46632253718298,28.869724919538612,0.8733613352591281,57.997950673128486,78.09873152118165,5.339124791858708,0.0,116.0,115.58524906580165,59.74476809497285,41.093142466818506,116.0,13.501458232815482,88.58335003790974,111.5016535781127,101.84153679264199
[23/09/2019, 5:13:56 p. m.] 39.96097430783994,157.35808643346797,32.33581160854352,52.18945367238502,161.83793892659864,56.32755479848677,116.0,49.05671314349967,0.0,71.40566922816649,59.04076688201751,8.609491487134003,100.11881477082045,94.4041187980882,116.0,48.80326079659455
[23/09/2019, 5:13:56 p. m.] 145.27527591497048,103.31020581226645,13.117890394360202,80.88026492346451,180.0,22.185109491999732,112.21913089866524,34.232979233948505,0.0,116.0,73.25614441965391,22.80375314411017,105.72354645948636,116.0,84.71945306670851,116.0
[23/09/2019, 5:13:56 p. m.] 119.41732626043175,135.12961310576551,40.57591324897158,85.94801614144485,170.93856571891564,37.82294636725318,3.3726239339886943,29.263274616535504,100.69759250711267,116.0,5.716872057341048,17.948520553180693,11.299812347556975,85.01337330499413,0.0,104.27855394829713
[23/09/2019, 5:13:56 p. m.] 2.6558978707138294,0.0,34.728651895547216,152.96829600559957,116.34662869154232,180.0,0.0,0.0,58.05826045102796,0.0,43.37155405072377,40.1403550571717,20.147298020507478,0.0,75.74979325363617,116.0
[23/09/2019, 5:13:56 p. m.] 12.549352164353508,0.0,0.0,165.26733894085896,139.8399366493401,180.0,1.5212562210802076,17.76284629609531,37.58008929230935,0.0,55.75565613798504,0.0,0.7488037580822322,0.0,116.0,63.202639151866954
[23/09/2019, 5:13:56 p. m.] 0.0,32.18984046120315,47.541910795009656,10.17767874290918,131.04218312347683,72.42973696198126,50.434086723548546,11.79173713269244,0.0,116.0,87.49686326708988,114.28199149359493,0.0,0.0,103.5354852260958,116.0
[23/09/2019, 5:13:56 p. m.] 55.99129700646276,55.60646048428082,66.51059947581362,121.0891255557444,180.0,121.22024934428178,0.0,116.0,9.881363656936003,109.23796696640811,45.76830862683911,42.80350522725091,83.87546687171819,76.2879127021812,89.38856546804351,116.0
[23/09/2019, 5:13:56 p. m.] 56.92095875455115,0.0,8.72739126420808,180.0,121.56964199077174,180.0,45.805678608541626,0.0,0.0,0.0,12.774920705221703,0.0,108.24645867742007,36.85845287113092,101.16646246469631,98.71577535035006
[23/09/2019, 5:13:56 p. m.] 99.84155531434214,0.0,0.0,107.54341306531231,40.299590957271334,122.23517944235104,70.32934259368778,0.0,116.0,76.54468010445804,116.0,86.86409568793823,106.37296906640391,116.0,63.70316945459369,70.11138425393196
[23/09/2019, 5:13:56 p. m.] 5.9043632904302115,0.0,123.33477540590063,138.27403449179252,180.0,120.82357779767204,116.0,35.224150265354794,116.0,116.0,0.0,0.0,0.0,5.353315063616009,0.0,52.36216084020141
[23/09/2019, 5:13:56 p. m.] 0.0,37.3928869565118,1.5334850093170402,95.15123945415357,128.9098981364363,77.58860339986417,76.38442135161806,12.485392153223714,6.086204068335263,25.56681216771058,23.218685932305604,48.81587960184474,88.67725456715857,116.0,0.0,116.0
[23/09/2019, 5:13:56 p. m.] 0.0,0.0,0.0,28.28803917205459,121.24844074437395,180.0,70.46336688827178,0.0,0.0,0.0,76.51859134375603,55.3549900022157,12.90952088310543,0.0,30.04903736383396,116.0
[23/09/2019, 5:13:56 p. m.] 9.319384057479958,0.0,46.892391084319975,180.0,180.0,39.07477273087804,0.0,5.803496442269868,95.7737370941773,116.0,27.37650451349538,35.430410796060436,90.27772768878043,0.0,116.0,114.10895239539342
[23/09/2019, 5:13:56 p. m.] 57.2252800915012,1.5113866551751194,87.47268567350665,155.39808284087871,179.2734475818986,180.0,51.856182707466694,3.8340553297516653,73.16690204546882,20.183160249524057,0.0,5.056137998464414,0.0,69.20067290613414,34.07170382407664,83.26907599748472
[23/09/2019, 5:13:56 p. m.] 78.0984952703932,37.36309650177735,0.0,115.5270252975685,180.0,142.79814562579466,116.0,30.96771278425031,0.0,0.0,18.368879140562967,0.0,39.33608180090852,70.44091585635792,0.5509891391898165,116.0
[23/09/2019, 5:13:56 p. m.] 55.89048194296524,0.0,83.74034603568741,131.87931055925984,80.99274100676769,81.17508385641028,4.644065972717385,24.283414862909694,116.0,0.0,76.13659579174191,116.0,16.533063505459623,80.93364161588804,24.453491166733414,116.0
[23/09/2019, 5:13:56 p. m.] running, please wait a moment ...
[23/09/2019, 5:15:23 p. m.] Running process is over
[23/09/2019, 5:15:23 p. m.] THE FINAL VALUES ARE: 
0.9161085653859712
0.5658062867365193
0.6195062160742426
0.8381962864721486

[17/10/2019, 10:57:45 a. m.] Starting algorithm core for running ...
[17/10/2019, 10:58:27 a. m.] DATA LOADED FOR EACH CLASSIFIER
[17/10/2019, 10:58:27 a. m.] 68.87298710649434,0.0,2.4830902136959025,89.07114512907363,77.62049369555399,0.0,0.0,92.34193851289044,66.25905131511826,51.919264771757064,7.320560017066737,0.0,0.0,28.6147648153922,61.71485936777327,116.0
[17/10/2019, 10:58:27 a. m.] 94.02927971048106,33.64054083862138,57.3810257190438,138.54893990479152,180.0,82.265582747536,108.81460355550253,108.64226839139285,107.92778617174555,111.34771137497503,11.573539907282473,63.5362163198457,37.78321317333469,70.97082188394626,0.0,115.24346635639829
[17/10/2019, 10:58:27 a. m.] 77.41701985754486,0.0,72.72136107929617,122.7389498097479,180.0,153.53488696878327,57.13878445817413,31.43952980403897,0.0,50.92315916945723,63.181385837054464,4.276984361432014,20.38118599195269,87.64724630429203,93.81357130610171,71.69817697336404
[17/10/2019, 10:58:27 a. m.] 150.46632253718298,28.869724919538612,0.8733613352591281,57.997950673128486,78.09873152118165,5.339124791858708,0.0,116.0,115.58524906580165,59.74476809497285,41.093142466818506,116.0,13.501458232815482,88.58335003790974,111.5016535781127,101.84153679264199
[17/10/2019, 10:58:27 a. m.] 39.96097430783994,157.35808643346797,32.33581160854352,52.18945367238502,161.83793892659864,56.32755479848677,116.0,49.05671314349967,0.0,71.40566922816649,59.04076688201751,8.609491487134003,100.11881477082045,94.4041187980882,116.0,48.80326079659455
[17/10/2019, 10:58:27 a. m.] 145.27527591497048,103.31020581226645,13.117890394360202,80.88026492346451,180.0,22.185109491999732,112.21913089866524,34.232979233948505,0.0,116.0,73.25614441965391,22.80375314411017,105.72354645948636,116.0,84.71945306670851,116.0
[17/10/2019, 10:58:27 a. m.] 119.41732626043175,135.12961310576551,40.57591324897158,85.94801614144485,170.93856571891564,37.82294636725318,3.3726239339886943,29.263274616535504,100.69759250711267,116.0,5.716872057341048,17.948520553180693,11.299812347556975,85.01337330499413,0.0,104.27855394829713
[17/10/2019, 10:58:27 a. m.] 2.6558978707138294,0.0,34.728651895547216,152.96829600559957,116.34662869154232,180.0,0.0,0.0,58.05826045102796,0.0,43.37155405072377,40.1403550571717,20.147298020507478,0.0,75.74979325363617,116.0
[17/10/2019, 10:58:27 a. m.] 12.549352164353508,0.0,0.0,165.26733894085896,139.8399366493401,180.0,1.5212562210802076,17.76284629609531,37.58008929230935,0.0,55.75565613798504,0.0,0.7488037580822322,0.0,116.0,63.202639151866954
[17/10/2019, 10:58:27 a. m.] 0.0,32.18984046120315,47.541910795009656,10.17767874290918,131.04218312347683,72.42973696198126,50.434086723548546,11.79173713269244,0.0,116.0,87.49686326708988,114.28199149359493,0.0,0.0,103.5354852260958,116.0
[17/10/2019, 10:58:27 a. m.] 55.99129700646276,55.60646048428082,66.51059947581362,121.0891255557444,180.0,121.22024934428178,0.0,116.0,9.881363656936003,109.23796696640811,45.76830862683911,42.80350522725091,83.87546687171819,76.2879127021812,89.38856546804351,116.0
[17/10/2019, 10:58:27 a. m.] 56.92095875455115,0.0,8.72739126420808,180.0,121.56964199077174,180.0,45.805678608541626,0.0,0.0,0.0,12.774920705221703,0.0,108.24645867742007,36.85845287113092,101.16646246469631,98.71577535035006
[17/10/2019, 10:58:27 a. m.] 99.84155531434214,0.0,0.0,107.54341306531231,40.299590957271334,122.23517944235104,70.32934259368778,0.0,116.0,76.54468010445804,116.0,86.86409568793823,106.37296906640391,116.0,63.70316945459369,70.11138425393196
[17/10/2019, 10:58:27 a. m.] 5.9043632904302115,0.0,123.33477540590063,138.27403449179252,180.0,120.82357779767204,116.0,35.224150265354794,116.0,116.0,0.0,0.0,0.0,5.353315063616009,0.0,52.36216084020141
[17/10/2019, 10:58:27 a. m.] 0.0,37.3928869565118,1.5334850093170402,95.15123945415357,128.9098981364363,77.58860339986417,76.38442135161806,12.485392153223714,6.086204068335263,25.56681216771058,23.218685932305604,48.81587960184474,88.67725456715857,116.0,0.0,116.0
[17/10/2019, 10:58:27 a. m.] 0.0,0.0,0.0,28.28803917205459,121.24844074437395,180.0,70.46336688827178,0.0,0.0,0.0,76.51859134375603,55.3549900022157,12.90952088310543,0.0,30.04903736383396,116.0
[17/10/2019, 10:58:27 a. m.] 9.319384057479958,0.0,46.892391084319975,180.0,180.0,39.07477273087804,0.0,5.803496442269868,95.7737370941773,116.0,27.37650451349538,35.430410796060436,90.27772768878043,0.0,116.0,114.10895239539342
[17/10/2019, 10:58:27 a. m.] 57.2252800915012,1.5113866551751194,87.47268567350665,155.39808284087871,179.2734475818986,180.0,51.856182707466694,3.8340553297516653,73.16690204546882,20.183160249524057,0.0,5.056137998464414,0.0,69.20067290613414,34.07170382407664,83.26907599748472
[17/10/2019, 10:58:27 a. m.] 78.0984952703932,37.36309650177735,0.0,115.5270252975685,180.0,142.79814562579466,116.0,30.96771278425031,0.0,0.0,18.368879140562967,0.0,39.33608180090852,70.44091585635792,0.5509891391898165,116.0
[17/10/2019, 10:58:27 a. m.] 55.89048194296524,0.0,83.74034603568741,131.87931055925984,80.99274100676769,81.17508385641028,4.644065972717385,24.283414862909694,116.0,0.0,76.13659579174191,116.0,16.533063505459623,80.93364161588804,24.453491166733414,116.0
[17/10/2019, 10:58:27 a. m.] running, please wait a moment ...
[17/10/2019, 10:59:54 a. m.] Running process is over
[17/10/2019, 10:59:54 a. m.] THE FINAL VALUES ARE: 
0.9161085653859712
0.5658062867365193
0.6195062160742426
0.8381962864721486

[17/10/2019, 11:07:29 a. m.] Starting algorithm core for running ...
[17/10/2019, 11:07:37 a. m.] DATA LOADED FOR EACH CLASSIFIER
[17/10/2019, 11:07:37 a. m.] 68.87298710649434,0.0,2.4830902136959025,89.07114512907363,77.62049369555399,0.0,0.0,92.34193851289044,66.25905131511826,51.919264771757064,7.320560017066737,0.0,0.0,28.6147648153922,61.71485936777327,116.0
[17/10/2019, 11:07:37 a. m.] 94.02927971048106,33.64054083862138,57.3810257190438,138.54893990479152,180.0,82.265582747536,108.81460355550253,108.64226839139285,107.92778617174555,111.34771137497503,11.573539907282473,63.5362163198457,37.78321317333469,70.97082188394626,0.0,115.24346635639829
[17/10/2019, 11:07:37 a. m.] 77.41701985754486,0.0,72.72136107929617,122.7389498097479,180.0,153.53488696878327,57.13878445817413,31.43952980403897,0.0,50.92315916945723,63.181385837054464,4.276984361432014,20.38118599195269,87.64724630429203,93.81357130610171,71.69817697336404
[17/10/2019, 11:07:37 a. m.] 150.46632253718298,28.869724919538612,0.8733613352591281,57.997950673128486,78.09873152118165,5.339124791858708,0.0,116.0,115.58524906580165,59.74476809497285,41.093142466818506,116.0,13.501458232815482,88.58335003790974,111.5016535781127,101.84153679264199
[17/10/2019, 11:07:37 a. m.] 39.96097430783994,157.35808643346797,32.33581160854352,52.18945367238502,161.83793892659864,56.32755479848677,116.0,49.05671314349967,0.0,71.40566922816649,59.04076688201751,8.609491487134003,100.11881477082045,94.4041187980882,116.0,48.80326079659455
[17/10/2019, 11:07:37 a. m.] 145.27527591497048,103.31020581226645,13.117890394360202,80.88026492346451,180.0,22.185109491999732,112.21913089866524,34.232979233948505,0.0,116.0,73.25614441965391,22.80375314411017,105.72354645948636,116.0,84.71945306670851,116.0
[17/10/2019, 11:07:37 a. m.] 119.41732626043175,135.12961310576551,40.57591324897158,85.94801614144485,170.93856571891564,37.82294636725318,3.3726239339886943,29.263274616535504,100.69759250711267,116.0,5.716872057341048,17.948520553180693,11.299812347556975,85.01337330499413,0.0,104.27855394829713
[17/10/2019, 11:07:37 a. m.] 2.6558978707138294,0.0,34.728651895547216,152.96829600559957,116.34662869154232,180.0,0.0,0.0,58.05826045102796,0.0,43.37155405072377,40.1403550571717,20.147298020507478,0.0,75.74979325363617,116.0
[17/10/2019, 11:07:37 a. m.] 12.549352164353508,0.0,0.0,165.26733894085896,139.8399366493401,180.0,1.5212562210802076,17.76284629609531,37.58008929230935,0.0,55.75565613798504,0.0,0.7488037580822322,0.0,116.0,63.202639151866954
[17/10/2019, 11:07:37 a. m.] 0.0,32.18984046120315,47.541910795009656,10.17767874290918,131.04218312347683,72.42973696198126,50.434086723548546,11.79173713269244,0.0,116.0,87.49686326708988,114.28199149359493,0.0,0.0,103.5354852260958,116.0
[17/10/2019, 11:07:37 a. m.] 55.99129700646276,55.60646048428082,66.51059947581362,121.0891255557444,180.0,121.22024934428178,0.0,116.0,9.881363656936003,109.23796696640811,45.76830862683911,42.80350522725091,83.87546687171819,76.2879127021812,89.38856546804351,116.0
[17/10/2019, 11:07:37 a. m.] 56.92095875455115,0.0,8.72739126420808,180.0,121.56964199077174,180.0,45.805678608541626,0.0,0.0,0.0,12.774920705221703,0.0,108.24645867742007,36.85845287113092,101.16646246469631,98.71577535035006
[17/10/2019, 11:07:37 a. m.] 99.84155531434214,0.0,0.0,107.54341306531231,40.299590957271334,122.23517944235104,70.32934259368778,0.0,116.0,76.54468010445804,116.0,86.86409568793823,106.37296906640391,116.0,63.70316945459369,70.11138425393196
[17/10/2019, 11:07:37 a. m.] 5.9043632904302115,0.0,123.33477540590063,138.27403449179252,180.0,120.82357779767204,116.0,35.224150265354794,116.0,116.0,0.0,0.0,0.0,5.353315063616009,0.0,52.36216084020141
[17/10/2019, 11:07:37 a. m.] 0.0,37.3928869565118,1.5334850093170402,95.15123945415357,128.9098981364363,77.58860339986417,76.38442135161806,12.485392153223714,6.086204068335263,25.56681216771058,23.218685932305604,48.81587960184474,88.67725456715857,116.0,0.0,116.0
[17/10/2019, 11:07:37 a. m.] 0.0,0.0,0.0,28.28803917205459,121.24844074437395,180.0,70.46336688827178,0.0,0.0,0.0,76.51859134375603,55.3549900022157,12.90952088310543,0.0,30.04903736383396,116.0
[17/10/2019, 11:07:37 a. m.] 9.319384057479958,0.0,46.892391084319975,180.0,180.0,39.07477273087804,0.0,5.803496442269868,95.7737370941773,116.0,27.37650451349538,35.430410796060436,90.27772768878043,0.0,116.0,114.10895239539342
[17/10/2019, 11:07:37 a. m.] 57.2252800915012,1.5113866551751194,87.47268567350665,155.39808284087871,179.2734475818986,180.0,51.856182707466694,3.8340553297516653,73.16690204546882,20.183160249524057,0.0,5.056137998464414,0.0,69.20067290613414,34.07170382407664,83.26907599748472
[17/10/2019, 11:07:37 a. m.] 78.0984952703932,37.36309650177735,0.0,115.5270252975685,180.0,142.79814562579466,116.0,30.96771278425031,0.0,0.0,18.368879140562967,0.0,39.33608180090852,70.44091585635792,0.5509891391898165,116.0
[17/10/2019, 11:07:37 a. m.] 55.89048194296524,0.0,83.74034603568741,131.87931055925984,80.99274100676769,81.17508385641028,4.644065972717385,24.283414862909694,116.0,0.0,76.13659579174191,116.0,16.533063505459623,80.93364161588804,24.453491166733414,116.0
[17/10/2019, 11:07:37 a. m.] running, please wait a moment ...
[17/10/2019, 11:08:58 a. m.] Running process is over
[17/10/2019, 11:08:58 a. m.] THE FINAL VALUES ARE: 
0.8866666666666667
0.5994813767090995
0.6430096927879086
0.83008356545961

